<?xml version="1.0" encoding="UTF-8"?>
<TestRun id="304385f2-933f-4bfe-8264-dba718479cb5" name="asingh@ASINGH-LAP 2013-03-06 00:27:29" runUser="CONTATAN\asingh" xmlns="http://microsoft.com/schemas/VisualStudio/TeamTest/2010">
  <TestSettings name="Default Test Settings" id="f6469fe4-74ca-402c-9bae-da829a107e29">
    <Deployment runDeploymentRoot="asingh_ASINGH-LAP 2013-03-06 00_27_29">
      <DeploymentItem filename="F:\Ajay\Test Projects\GameOfLife\DataAccess.Specification\bin\Debug\DataAccess.Specification.dll" />
      <DeploymentItem filename="F:\Ajay\Test Projects\GameOfLife\GameOfLife.Contracts\bin\Debug\GameOfLife.Contracts.dll" />
      <DeploymentItem filename="F:\Ajay\Test Projects\GameOfLife\GameOfLife.Library\bin\Debug\GameOfLife.Core.dll" />
      <DeploymentItem filename="F:\Ajay\Test Projects\GameOfLife\GameOfLife.Data\bin\Debug\GameOfLife.Data.dll" />
      <DeploymentItem filename="F:\Ajay\Test Projects\GameOfLife\GameOfLife.Models\bin\Debug\GameOfLife.Models.dll" />
      <DeploymentItem filename="F:\Ajay\Test Projects\Opensource\Excercise\GameOfLife_By_Rohit\packages\Moq.4.0.10827\lib\NET40\Moq.dll" />
    </Deployment>
    <Execution>
      <TestTypeSpecific />
      <AgentRule name="Execution Agents">
      </AgentRule>
    </Execution>
  </TestSettings>
  <Times creation="2013-03-06T00:27:29.6129077+05:30" queuing="2013-03-06T00:27:36.9663283+05:30" start="2013-03-06T00:27:37.3123481+05:30" finish="2013-03-06T00:27:42.0516192+05:30" />
  <ResultSummary outcome="Completed">
    <Counters total="87" executed="87" passed="87" error="0" failed="0" timeout="0" aborted="0" inconclusive="0" passedButRunAborted="0" notRunnable="0" notExecuted="0" disconnected="0" warning="0" completed="0" inProgress="0" pending="0" />
  </ResultSummary>
  <TestDefinitions>
    <UnitTest name="GivenCellHasThreeNeighbour_ItIsOverCrowded" storage="f:\ajay\test projects\gameoflife\test.golsig.library\bin\debug\test.golsig.library.dll" id="21cd14c1-3cf1-de63-b356-f39e65268420">
      <Execution id="561213f9-2442-44bc-8e31-6d682d177b8e" />
      <TestMethod codeBase="F:/Ajay/Test Projects/GameOfLife/Test.GolSig.Library/bin/Debug/Test.GolSig.Library.DLL" adapterTypeName="Microsoft.VisualStudio.TestTools.TestTypes.Unit.UnitTestAdapter, Microsoft.VisualStudio.QualityTools.Tips.UnitTest.Adapter, Version=10.0.0.0, Culture=neutral, PublicKeyToken=b03f5f7f11d50a3a" className="Test.GolSig.Library.RulesSpecs.WhenCheckingTheRules, Test.GolSig.Library, Version=1.0.0.0, Culture=neutral, PublicKeyToken=null" name="GivenCellHasThreeNeighbour_ItIsOverCrowded" />
    </UnitTest>
    <UnitTest name="GivenCellHasNoNeighbour_ItWillNotBeAliveInTheNextGeneration" storage="f:\ajay\test projects\gameoflife\test.golsig.library\bin\debug\test.golsig.library.dll" id="cffa992e-faa0-ee81-1566-ba284f432b61">
      <Execution id="f0bf6333-3d8b-44a0-8b4b-fe4f014ddd1f" />
      <TestMethod codeBase="F:/Ajay/Test Projects/GameOfLife/Test.GolSig.Library/bin/Debug/Test.GolSig.Library.DLL" adapterTypeName="Microsoft.VisualStudio.TestTools.TestTypes.Unit.UnitTestAdapter, Microsoft.VisualStudio.QualityTools.Tips.UnitTest.Adapter, Version=10.0.0.0, Culture=neutral, PublicKeyToken=b03f5f7f11d50a3a" className="Test.GolSig.Library.RulesSpecs.WhenCheckingTheRules, Test.GolSig.Library, Version=1.0.0.0, Culture=neutral, PublicKeyToken=null" name="GivenCellHasNoNeighbour_ItWillNotBeAliveInTheNextGeneration" />
    </UnitTest>
    <UnitTest name="GridStorageConstructorTest" storage="f:\ajay\test projects\gameoflife\test.golsig.library\bin\debug\test.golsig.library.dll" id="96ad8173-99bc-fc61-566f-0d8e619e8fc0">
      <Execution id="f5146542-1397-4537-a4fd-9fbbe8aa3a5f" />
      <TestMethod codeBase="F:/Ajay/Test Projects/GameOfLife/Test.GolSig.Library/bin/Debug/Test.GolSig.Library.DLL" adapterTypeName="Microsoft.VisualStudio.TestTools.TestTypes.Unit.UnitTestAdapter, Microsoft.VisualStudio.QualityTools.Tips.UnitTest.Adapter, Version=10.0.0.0, Culture=neutral, PublicKeyToken=b03f5f7f11d50a3a" className="Test.GolSig.Library.GridStorageSpecs.GridStorageTest, Test.GolSig.Library, Version=1.0.0.0, Culture=neutral, PublicKeyToken=null" name="GridStorageConstructorTest" />
    </UnitTest>
    <UnitTest name="GivenNotEqualNumberAdjacentLifeCells_ThenShouldBeNotEqual" storage="f:\ajay\test projects\gameoflife\test.golsig.library\bin\debug\test.golsig.library.dll" id="d7cfe8a7-2289-4902-f218-191fe2cba91b">
      <Execution id="7296d8e2-1a20-41de-afef-34847805f212" />
      <TestMethod codeBase="F:/Ajay/Test Projects/GameOfLife/Test.GolSig.Library/bin/Debug/Test.GolSig.Library.DLL" adapterTypeName="Microsoft.VisualStudio.TestTools.TestTypes.Unit.UnitTestAdapter, Microsoft.VisualStudio.QualityTools.Tips.UnitTest.Adapter, Version=10.0.0.0, Culture=neutral, PublicKeyToken=b03f5f7f11d50a3a" className="Test.GolSig.Library.ExtendedCellStatusInfoSpecs.WhenComparingExtendedCellInfo, Test.GolSig.Library, Version=1.0.0.0, Culture=neutral, PublicKeyToken=null" name="GivenNotEqualNumberAdjacentLifeCells_ThenShouldBeNotEqual" />
    </UnitTest>
    <UnitTest name="GivenNormalConditions_thenCellInfoIsCorrect" storage="f:\ajay\test projects\gameoflife\test.golsig.library\bin\debug\test.golsig.library.dll" id="d1dc75c8-d363-0465-28b3-1d9e682ff90a">
      <Execution id="92f2a53c-f482-4e3c-b5cc-3705112c550f" />
      <TestMethod codeBase="F:/Ajay/Test Projects/GameOfLife/Test.GolSig.Library/bin/Debug/Test.GolSig.Library.DLL" adapterTypeName="Microsoft.VisualStudio.TestTools.TestTypes.Unit.UnitTestAdapter, Microsoft.VisualStudio.QualityTools.Tips.UnitTest.Adapter, Version=10.0.0.0, Culture=neutral, PublicKeyToken=b03f5f7f11d50a3a" className="Test.GolSig.Library.GridSpecs.WhenMakingCell, Test.GolSig.Library, Version=1.0.0.0, Culture=neutral, PublicKeyToken=null" name="GivenNormalConditions_thenCellInfoIsCorrect" />
    </UnitTest>
    <UnitTest name="GivenCellHasTwoNeighbour_ItIsSurvivable" storage="f:\ajay\test projects\gameoflife\test.golsig.library\bin\debug\test.golsig.library.dll" id="0d449aee-02f3-4a3f-fed5-e87ec10363c3">
      <Execution id="c33635dc-d804-495e-86d3-c91d1c24bd6d" />
      <TestMethod codeBase="F:/Ajay/Test Projects/GameOfLife/Test.GolSig.Library/bin/Debug/Test.GolSig.Library.DLL" adapterTypeName="Microsoft.VisualStudio.TestTools.TestTypes.Unit.UnitTestAdapter, Microsoft.VisualStudio.QualityTools.Tips.UnitTest.Adapter, Version=10.0.0.0, Culture=neutral, PublicKeyToken=b03f5f7f11d50a3a" className="Test.GolSig.Library.RulesSpecs.WhenCheckingTheRules, Test.GolSig.Library, Version=1.0.0.0, Culture=neutral, PublicKeyToken=null" name="GivenCellHasTwoNeighbour_ItIsSurvivable" />
    </UnitTest>
    <UnitTest name="GivenNotEqualStatus_ThenShouldBeNotEqual" storage="f:\ajay\test projects\gameoflife\test.golsig.library\bin\debug\test.golsig.library.dll" id="d2a47fc1-730b-42ec-9fc3-2535dbde9b0a">
      <Execution id="1266de46-3172-4b43-9dfb-4bbb3aa9cab8" />
      <TestMethod codeBase="F:/Ajay/Test Projects/GameOfLife/Test.GolSig.Library/bin/Debug/Test.GolSig.Library.DLL" adapterTypeName="Microsoft.VisualStudio.TestTools.TestTypes.Unit.UnitTestAdapter, Microsoft.VisualStudio.QualityTools.Tips.UnitTest.Adapter, Version=10.0.0.0, Culture=neutral, PublicKeyToken=b03f5f7f11d50a3a" className="Test.GolSig.Library.CellInfoSpecs.WhenComparingCellInfo, Test.GolSig.Library, Version=1.0.0.0, Culture=neutral, PublicKeyToken=null" name="GivenNotEqualStatus_ThenShouldBeNotEqual" />
    </UnitTest>
    <UnitTest name="Grid2By2_Enumerates_4Times" storage="f:\ajay\test projects\opensource\excercise\gameoflife_by_rohit\goilib.tests\bin\debug\goilib.tests.dll" id="aaf962c1-9db7-5619-81f0-f1c94ef1d957">
      <Execution id="9e950902-271f-49ee-bf56-558d1e474a24" />
      <TestMethod codeBase="F:/Ajay/Test Projects/Opensource/Excercise/GameOfLife_By_Rohit/GOILib.Tests/bin/Debug/GOILib.Tests.DLL" adapterTypeName="Microsoft.VisualStudio.TestTools.TestTypes.Unit.UnitTestAdapter, Microsoft.VisualStudio.QualityTools.Tips.UnitTest.Adapter, Version=10.0.0.0, Culture=neutral, PublicKeyToken=b03f5f7f11d50a3a" className="GOILib.Tests.GridTest, GOILib.Tests, Version=1.0.0.0, Culture=neutral, PublicKeyToken=null" name="Grid2By2_Enumerates_4Times" />
    </UnitTest>
    <UnitTest name="Grid1By4Enumerates_4Times" storage="f:\ajay\test projects\opensource\excercise\gameoflife_by_rohit\goilib.tests\bin\debug\goilib.tests.dll" id="926996ef-0c35-822b-8086-ed9245d25473">
      <Execution id="d971e7d4-5c28-48f2-839a-d50286fe1749" />
      <TestMethod codeBase="F:/Ajay/Test Projects/Opensource/Excercise/GameOfLife_By_Rohit/GOILib.Tests/bin/Debug/GOILib.Tests.DLL" adapterTypeName="Microsoft.VisualStudio.TestTools.TestTypes.Unit.UnitTestAdapter, Microsoft.VisualStudio.QualityTools.Tips.UnitTest.Adapter, Version=10.0.0.0, Culture=neutral, PublicKeyToken=b03f5f7f11d50a3a" className="GOILib.Tests.GridTest, GOILib.Tests, Version=1.0.0.0, Culture=neutral, PublicKeyToken=null" name="Grid1By4Enumerates_4Times" />
    </UnitTest>
    <UnitTest name="GOI_Evolve_EvolvesAllTheCells" storage="f:\ajay\test projects\opensource\excercise\gameoflife_by_rohit\goilib.tests\bin\debug\goilib.tests.dll" id="c92032a5-4874-ccc2-7aa7-bafd15d8cb6e">
      <Execution id="078ac1cd-d90c-40c2-b793-fa00fd8adcb5" />
      <TestMethod codeBase="F:/Ajay/Test Projects/Opensource/Excercise/GameOfLife_By_Rohit/GOILib.Tests/bin/Debug/GOILib.Tests.DLL" adapterTypeName="Microsoft.VisualStudio.TestTools.TestTypes.Unit.UnitTestAdapter, Microsoft.VisualStudio.QualityTools.Tips.UnitTest.Adapter, Version=10.0.0.0, Culture=neutral, PublicKeyToken=b03f5f7f11d50a3a" className="GOILib.Tests.GameOfLifeTest, GOILib.Tests, Version=1.0.0.0, Culture=neutral, PublicKeyToken=null" name="GOI_Evolve_EvolvesAllTheCells" />
    </UnitTest>
    <UnitTest name="GivenEmptyPosition_thenShouldRaiseException" storage="f:\ajay\test projects\gameoflife\test.golsig.library\bin\debug\test.golsig.library.dll" id="8d894b68-77ed-93b7-4c6d-66ede441322e">
      <Execution id="5971712f-a7dd-418f-8d1d-f4e73fc04c3a" />
      <TestMethod codeBase="F:/Ajay/Test Projects/GameOfLife/Test.GolSig.Library/bin/Debug/Test.GolSig.Library.DLL" adapterTypeName="Microsoft.VisualStudio.TestTools.TestTypes.Unit.UnitTestAdapter, Microsoft.VisualStudio.QualityTools.Tips.UnitTest.Adapter, Version=10.0.0.0, Culture=neutral, PublicKeyToken=b03f5f7f11d50a3a" className="Test.GolSig.Library.GridSpecs.WhenMakingCell, Test.GolSig.Library, Version=1.0.0.0, Culture=neutral, PublicKeyToken=null" name="GivenEmptyPosition_thenShouldRaiseException" />
    </UnitTest>
    <UnitTest name="GivenOutOfBoundGridPositon_ShouldRaiseException" storage="f:\ajay\test projects\gameoflife\test.golsig.library\bin\debug\test.golsig.library.dll" id="93c88647-01d7-752a-44a4-a3bf98e7b17f">
      <Execution id="5953a9ef-8360-4a08-bcd5-f3d7e46e0d68" />
      <TestMethod codeBase="F:/Ajay/Test Projects/GameOfLife/Test.GolSig.Library/bin/Debug/Test.GolSig.Library.DLL" adapterTypeName="Microsoft.VisualStudio.TestTools.TestTypes.Unit.UnitTestAdapter, Microsoft.VisualStudio.QualityTools.Tips.UnitTest.Adapter, Version=10.0.0.0, Culture=neutral, PublicKeyToken=b03f5f7f11d50a3a" className="Test.GolSig.Library.GridStorageSpecs.WhenCheckingCellAlive, Test.GolSig.Library, Version=1.0.0.0, Culture=neutral, PublicKeyToken=null" name="GivenOutOfBoundGridPositon_ShouldRaiseException" />
    </UnitTest>
    <UnitTest name="GivenValidBoardSize_ThenShouldThrowException" storage="f:\ajay\test projects\gameoflife\test.golsig.library\bin\debug\test.golsig.library.dll" id="cca8d1de-62ab-8d7e-6a41-bc2a0f9127de">
      <Execution id="cd2f610b-d23e-4668-8555-c0af7357aebb" />
      <TestMethod codeBase="F:/Ajay/Test Projects/GameOfLife/Test.GolSig.Library/bin/Debug/Test.GolSig.Library.DLL" adapterTypeName="Microsoft.VisualStudio.TestTools.TestTypes.Unit.UnitTestAdapter, Microsoft.VisualStudio.QualityTools.Tips.UnitTest.Adapter, Version=10.0.0.0, Culture=neutral, PublicKeyToken=b03f5f7f11d50a3a" className="Test.GolSig.Library.BoardSpecs.WhenCreatingBoard, Test.GolSig.Library, Version=1.0.0.0, Culture=neutral, PublicKeyToken=null" name="GivenValidBoardSize_ThenShouldThrowException" />
    </UnitTest>
    <UnitTest name="GivenValidConditions_ShouldGiveExtendedCellStatusInfoBack" storage="f:\ajay\test projects\gameoflife\test.golsig.library\bin\debug\test.golsig.library.dll" id="864d6731-3c0f-87c7-fc3b-10aea8e59bf8">
      <Execution id="7fb38d25-9bc6-41be-899f-86bed40426ec" />
      <TestMethod codeBase="F:/Ajay/Test Projects/GameOfLife/Test.GolSig.Library/bin/Debug/Test.GolSig.Library.DLL" adapterTypeName="Microsoft.VisualStudio.TestTools.TestTypes.Unit.UnitTestAdapter, Microsoft.VisualStudio.QualityTools.Tips.UnitTest.Adapter, Version=10.0.0.0, Culture=neutral, PublicKeyToken=b03f5f7f11d50a3a" className="Test.GolSig.Library.GridStorageSpecs.WhenGettingExtendedCell, Test.GolSig.Library, Version=1.0.0.0, Culture=neutral, PublicKeyToken=null" name="GivenValidConditions_ShouldGiveExtendedCellStatusInfoBack" />
    </UnitTest>
    <UnitTest name="GivenEqualCell_ThenShouldBeEqual" storage="f:\ajay\test projects\gameoflife\test.golsig.library\bin\debug\test.golsig.library.dll" id="ab38701a-746e-a0e3-f500-562eb0d3f60c">
      <Execution id="f6556255-1ae4-4c9a-9423-730dc93cbd0a" />
      <TestMethod codeBase="F:/Ajay/Test Projects/GameOfLife/Test.GolSig.Library/bin/Debug/Test.GolSig.Library.DLL" adapterTypeName="Microsoft.VisualStudio.TestTools.TestTypes.Unit.UnitTestAdapter, Microsoft.VisualStudio.QualityTools.Tips.UnitTest.Adapter, Version=10.0.0.0, Culture=neutral, PublicKeyToken=b03f5f7f11d50a3a" className="Test.GolSig.Library.CellInfoSpecs.WhenComparingCellInfo, Test.GolSig.Library, Version=1.0.0.0, Culture=neutral, PublicKeyToken=null" name="GivenEqualCell_ThenShouldBeEqual" />
    </UnitTest>
    <UnitTest name="GivenValidConditions_ShouldSetCorrectValue" storage="f:\ajay\test projects\gameoflife\test.golsig.library\bin\debug\test.golsig.library.dll" id="33bae9cf-aae0-653e-62cb-bb4f57d036be">
      <Execution id="5dedd673-2f47-4440-8575-4110d4ca641e" />
      <TestMethod codeBase="F:/Ajay/Test Projects/GameOfLife/Test.GolSig.Library/bin/Debug/Test.GolSig.Library.DLL" adapterTypeName="Microsoft.VisualStudio.TestTools.TestTypes.Unit.UnitTestAdapter, Microsoft.VisualStudio.QualityTools.Tips.UnitTest.Adapter, Version=10.0.0.0, Culture=neutral, PublicKeyToken=b03f5f7f11d50a3a" className="Test.GolSig.Library.GridStorageSpecs.WhenSettingCellData, Test.GolSig.Library, Version=1.0.0.0, Culture=neutral, PublicKeyToken=null" name="GivenValidConditions_ShouldSetCorrectValue" />
    </UnitTest>
    <UnitTest name="TopSecondCellNeighboursfor_4By4Grid_Is5" storage="f:\ajay\test projects\opensource\excercise\gameoflife_by_rohit\goilib.tests\bin\debug\goilib.tests.dll" id="39b02780-d498-fb9f-3c8c-19aded283631">
      <Execution id="b34508fc-397f-4343-b7fe-a33f29cc01c4" />
      <TestMethod codeBase="F:/Ajay/Test Projects/Opensource/Excercise/GameOfLife_By_Rohit/GOILib.Tests/bin/Debug/GOILib.Tests.DLL" adapterTypeName="Microsoft.VisualStudio.TestTools.TestTypes.Unit.UnitTestAdapter, Microsoft.VisualStudio.QualityTools.Tips.UnitTest.Adapter, Version=10.0.0.0, Culture=neutral, PublicKeyToken=b03f5f7f11d50a3a" className="GOILib.Tests.TwoDimensionalNeighbourCellRuleTest, GOILib.Tests, Version=1.0.0.0, Culture=neutral, PublicKeyToken=null" name="TopSecondCellNeighboursfor_4By4Grid_Is5" />
    </UnitTest>
    <UnitTest name="giveValidInput_RowAndColumShouldBeCorrect" storage="f:\ajay\test projects\gameoflife\test.golsig.library\bin\debug\test.golsig.library.dll" id="8638b537-1824-f730-a9ab-4fb74655c9ca">
      <Execution id="546f9499-96da-4954-86e1-4621732e24f0" />
      <TestMethod codeBase="F:/Ajay/Test Projects/GameOfLife/Test.GolSig.Library/bin/Debug/Test.GolSig.Library.DLL" adapterTypeName="Microsoft.VisualStudio.TestTools.TestTypes.Unit.UnitTestAdapter, Microsoft.VisualStudio.QualityTools.Tips.UnitTest.Adapter, Version=10.0.0.0, Culture=neutral, PublicKeyToken=b03f5f7f11d50a3a" className="Test.GolSig.Library.BoardSizeSpecs.WhenCreatingBoardSize, Test.GolSig.Library, Version=1.0.0.0, Culture=neutral, PublicKeyToken=null" name="giveValidInput_RowAndColumShouldBeCorrect" />
    </UnitTest>
    <UnitTest name="GivennumberOfLivingAdjacentCellsMinusOne_ThenShouldRaiseException" storage="f:\ajay\test projects\gameoflife\test.golsig.library\bin\debug\test.golsig.library.dll" id="fe5b7569-e44a-2d6a-05c9-839c1a2c0f1e">
      <Execution id="c24d2b92-72ba-4f25-83ec-0ae458cfaf8a" />
      <TestMethod codeBase="F:/Ajay/Test Projects/GameOfLife/Test.GolSig.Library/bin/Debug/Test.GolSig.Library.DLL" adapterTypeName="Microsoft.VisualStudio.TestTools.TestTypes.Unit.UnitTestAdapter, Microsoft.VisualStudio.QualityTools.Tips.UnitTest.Adapter, Version=10.0.0.0, Culture=neutral, PublicKeyToken=b03f5f7f11d50a3a" className="Test.GolSig.Library.ExtendedCellStatusInfoSpecs.WhenCreatingExtendedCellStatusInfo, Test.GolSig.Library, Version=1.0.0.0, Culture=neutral, PublicKeyToken=null" name="GivennumberOfLivingAdjacentCellsMinusOne_ThenShouldRaiseException" />
    </UnitTest>
    <UnitTest name="GivenEmptyBoardThreeByThree_GridHasNineCells" storage="f:\ajay\test projects\gameoflife\test.golsig.library\bin\debug\test.golsig.library.dll" id="220bdde7-103f-093a-6d10-1b1cf93cccb6">
      <Execution id="1e666e08-b829-4fd4-9b43-db85553e48d7" />
      <TestMethod codeBase="F:/Ajay/Test Projects/GameOfLife/Test.GolSig.Library/bin/Debug/Test.GolSig.Library.DLL" adapterTypeName="Microsoft.VisualStudio.TestTools.TestTypes.Unit.UnitTestAdapter, Microsoft.VisualStudio.QualityTools.Tips.UnitTest.Adapter, Version=10.0.0.0, Culture=neutral, PublicKeyToken=b03f5f7f11d50a3a" className="Test.GolSig.Library.GridSpecs.WhenGettingAllCurrentCells, Test.GolSig.Library, Version=1.0.0.0, Culture=neutral, PublicKeyToken=null" name="GivenEmptyBoardThreeByThree_GridHasNineCells" />
    </UnitTest>
    <UnitTest name="Grid1By1Enumerates_1Time" storage="f:\ajay\test projects\opensource\excercise\gameoflife_by_rohit\goilib.tests\bin\debug\goilib.tests.dll" id="ae4e27ef-d32b-5f11-6b49-7603713d3bd3">
      <Execution id="3b2c97e4-702f-40dd-a330-6291055d9ed0" />
      <TestMethod codeBase="F:/Ajay/Test Projects/Opensource/Excercise/GameOfLife_By_Rohit/GOILib.Tests/bin/Debug/GOILib.Tests.DLL" adapterTypeName="Microsoft.VisualStudio.TestTools.TestTypes.Unit.UnitTestAdapter, Microsoft.VisualStudio.QualityTools.Tips.UnitTest.Adapter, Version=10.0.0.0, Culture=neutral, PublicKeyToken=b03f5f7f11d50a3a" className="GOILib.Tests.GridTest, GOILib.Tests, Version=1.0.0.0, Culture=neutral, PublicKeyToken=null" name="Grid1By1Enumerates_1Time" />
    </UnitTest>
    <UnitTest name="SecondRowColumnCellNeighboursfor_4By4Grid_Is8" storage="f:\ajay\test projects\opensource\excercise\gameoflife_by_rohit\goilib.tests\bin\debug\goilib.tests.dll" id="892c64ee-e436-9ceb-335d-883dc9cd7827">
      <Execution id="0c7dd150-53b2-4748-9313-eb2c1c587b56" />
      <TestMethod codeBase="F:/Ajay/Test Projects/Opensource/Excercise/GameOfLife_By_Rohit/GOILib.Tests/bin/Debug/GOILib.Tests.DLL" adapterTypeName="Microsoft.VisualStudio.TestTools.TestTypes.Unit.UnitTestAdapter, Microsoft.VisualStudio.QualityTools.Tips.UnitTest.Adapter, Version=10.0.0.0, Culture=neutral, PublicKeyToken=b03f5f7f11d50a3a" className="GOILib.Tests.TwoDimensionalNeighbourCellRuleTest, GOILib.Tests, Version=1.0.0.0, Culture=neutral, PublicKeyToken=null" name="SecondRowColumnCellNeighboursfor_4By4Grid_Is8" />
    </UnitTest>
    <UnitTest name="GivenValidBoard_GridShouldExist" storage="f:\ajay\test projects\gameoflife\test.golsig.library\bin\debug\test.golsig.library.dll" id="506c9662-83cb-72d0-84f5-942c908c1436">
      <Execution id="cc8b822c-fb76-4cfe-985d-4c3015649be5" />
      <TestMethod codeBase="F:/Ajay/Test Projects/GameOfLife/Test.GolSig.Library/bin/Debug/Test.GolSig.Library.DLL" adapterTypeName="Microsoft.VisualStudio.TestTools.TestTypes.Unit.UnitTestAdapter, Microsoft.VisualStudio.QualityTools.Tips.UnitTest.Adapter, Version=10.0.0.0, Culture=neutral, PublicKeyToken=b03f5f7f11d50a3a" className="Test.GolSig.Library.GridSpecs.WhenCreatingGrid, Test.GolSig.Library, Version=1.0.0.0, Culture=neutral, PublicKeyToken=null" name="GivenValidBoard_GridShouldExist" />
    </UnitTest>
    <UnitTest name="GivenOutOfBoundGridPositon_ShouldRaisEception" storage="f:\ajay\test projects\gameoflife\test.golsig.library\bin\debug\test.golsig.library.dll" id="f04e9614-99ad-3400-043d-d7dcfe73fcdd">
      <Execution id="a776b565-d61e-479f-8366-b9acf2db5cbc" />
      <TestMethod codeBase="F:/Ajay/Test Projects/GameOfLife/Test.GolSig.Library/bin/Debug/Test.GolSig.Library.DLL" adapterTypeName="Microsoft.VisualStudio.TestTools.TestTypes.Unit.UnitTestAdapter, Microsoft.VisualStudio.QualityTools.Tips.UnitTest.Adapter, Version=10.0.0.0, Culture=neutral, PublicKeyToken=b03f5f7f11d50a3a" className="Test.GolSig.Library.GridStorageSpecs.WhenSettingCellData, Test.GolSig.Library, Version=1.0.0.0, Culture=neutral, PublicKeyToken=null" name="GivenOutOfBoundGridPositon_ShouldRaisEception" />
    </UnitTest>
    <UnitTest name="GivenEmptyPosition_thenShouldRaiseException" storage="f:\ajay\test projects\gameoflife\test.golsig.library\bin\debug\test.golsig.library.dll" id="8ce6adb5-3307-943e-de61-ff5113324b1a">
      <Execution id="696a06c1-0905-4b9a-a81a-5cdd0a023264" />
      <TestMethod codeBase="F:/Ajay/Test Projects/GameOfLife/Test.GolSig.Library/bin/Debug/Test.GolSig.Library.DLL" adapterTypeName="Microsoft.VisualStudio.TestTools.TestTypes.Unit.UnitTestAdapter, Microsoft.VisualStudio.QualityTools.Tips.UnitTest.Adapter, Version=10.0.0.0, Culture=neutral, PublicKeyToken=b03f5f7f11d50a3a" className="Test.GolSig.Library.GridSpecs.WhenGettingCurrentCell, Test.GolSig.Library, Version=1.0.0.0, Culture=neutral, PublicKeyToken=null" name="GivenEmptyPosition_thenShouldRaiseException" />
    </UnitTest>
    <UnitTest name="GivenCellHasOneNeighbour_ItIsUnderPopulated" storage="f:\ajay\test projects\gameoflife\test.golsig.library\bin\debug\test.golsig.library.dll" id="572eb145-4073-fd9a-2151-2628fc2f3780">
      <Execution id="c447b26f-43a1-4120-a5b5-82060e7945a4" />
      <TestMethod codeBase="F:/Ajay/Test Projects/GameOfLife/Test.GolSig.Library/bin/Debug/Test.GolSig.Library.DLL" adapterTypeName="Microsoft.VisualStudio.TestTools.TestTypes.Unit.UnitTestAdapter, Microsoft.VisualStudio.QualityTools.Tips.UnitTest.Adapter, Version=10.0.0.0, Culture=neutral, PublicKeyToken=b03f5f7f11d50a3a" className="Test.GolSig.Library.RulesSpecs.WhenCheckingTheRules, Test.GolSig.Library, Version=1.0.0.0, Culture=neutral, PublicKeyToken=null" name="GivenCellHasOneNeighbour_ItIsUnderPopulated" />
    </UnitTest>
    <UnitTest name="TestMethod1" storage="f:\ajay\test projects\gameoflife\gameoflife.test\bin\debug\gameoflife.test.dll" id="60d8a401-e54f-4c24-a0f7-4f33b2ac624a">
      <Execution id="d2a51fea-7cd0-4e86-bc5d-9f4fc552f6bb" />
      <TestMethod codeBase="F:/Ajay/Test Projects/GameOfLife/GameOfLife.Test/bin/Debug/GameOfLife.Test.DLL" adapterTypeName="Microsoft.VisualStudio.TestTools.TestTypes.Unit.UnitTestAdapter, Microsoft.VisualStudio.QualityTools.Tips.UnitTest.Adapter, Version=10.0.0.0, Culture=neutral, PublicKeyToken=b03f5f7f11d50a3a" className="GameOfLife.Test.UnitTest1, GameOfLife.Test, Version=1.0.0.0, Culture=neutral, PublicKeyToken=null" name="TestMethod1" />
    </UnitTest>
    <UnitTest name="giveInvalidColumn_shouldRaiseException" storage="f:\ajay\test projects\gameoflife\test.golsig.library\bin\debug\test.golsig.library.dll" id="8bcdde0d-389c-1e4f-1396-c513b2ae6081">
      <Execution id="9456ec13-729d-4da9-b002-ed0f3ce0c292" />
      <TestMethod codeBase="F:/Ajay/Test Projects/GameOfLife/Test.GolSig.Library/bin/Debug/Test.GolSig.Library.DLL" adapterTypeName="Microsoft.VisualStudio.TestTools.TestTypes.Unit.UnitTestAdapter, Microsoft.VisualStudio.QualityTools.Tips.UnitTest.Adapter, Version=10.0.0.0, Culture=neutral, PublicKeyToken=b03f5f7f11d50a3a" className="Test.GolSig.Library.PositionSpecs.WhenCreatingPositionSize, Test.GolSig.Library, Version=1.0.0.0, Culture=neutral, PublicKeyToken=null" name="giveInvalidColumn_shouldRaiseException" />
    </UnitTest>
    <UnitTest name="BottomSecondCellNeighboursfor_4By4Grid_Is5" storage="f:\ajay\test projects\opensource\excercise\gameoflife_by_rohit\goilib.tests\bin\debug\goilib.tests.dll" id="6ba3da8b-d31e-3430-91e1-539b3b962331">
      <Execution id="63a9323a-4517-4b4e-87b8-ab094258a31b" />
      <TestMethod codeBase="F:/Ajay/Test Projects/Opensource/Excercise/GameOfLife_By_Rohit/GOILib.Tests/bin/Debug/GOILib.Tests.DLL" adapterTypeName="Microsoft.VisualStudio.TestTools.TestTypes.Unit.UnitTestAdapter, Microsoft.VisualStudio.QualityTools.Tips.UnitTest.Adapter, Version=10.0.0.0, Culture=neutral, PublicKeyToken=b03f5f7f11d50a3a" className="GOILib.Tests.TwoDimensionalNeighbourCellRuleTest, GOILib.Tests, Version=1.0.0.0, Culture=neutral, PublicKeyToken=null" name="BottomSecondCellNeighboursfor_4By4Grid_Is5" />
    </UnitTest>
    <UnitTest name="GivenNullPosition_thenShouldRaiseException" storage="f:\ajay\test projects\gameoflife\test.golsig.library\bin\debug\test.golsig.library.dll" id="203c2c95-2b23-655b-e23c-8b35b7348c08">
      <Execution id="8e2672d0-7e09-4bc6-bedb-64e481fba575" />
      <TestMethod codeBase="F:/Ajay/Test Projects/GameOfLife/Test.GolSig.Library/bin/Debug/Test.GolSig.Library.DLL" adapterTypeName="Microsoft.VisualStudio.TestTools.TestTypes.Unit.UnitTestAdapter, Microsoft.VisualStudio.QualityTools.Tips.UnitTest.Adapter, Version=10.0.0.0, Culture=neutral, PublicKeyToken=b03f5f7f11d50a3a" className="Test.GolSig.Library.BoardSpecs.WhenCallingGetCurrentCellInfo, Test.GolSig.Library, Version=1.0.0.0, Culture=neutral, PublicKeyToken=null" name="GivenNullPosition_thenShouldRaiseException" />
    </UnitTest>
    <UnitTest name="GivenNotEqualPositionCol_ThenShouldBeNotEqual" storage="f:\ajay\test projects\gameoflife\test.golsig.library\bin\debug\test.golsig.library.dll" id="d91391cf-0fdb-8dd2-7966-b9ab79ecc9ce">
      <Execution id="fe487640-6818-41a3-a68b-c9d30ffa521e" />
      <TestMethod codeBase="F:/Ajay/Test Projects/GameOfLife/Test.GolSig.Library/bin/Debug/Test.GolSig.Library.DLL" adapterTypeName="Microsoft.VisualStudio.TestTools.TestTypes.Unit.UnitTestAdapter, Microsoft.VisualStudio.QualityTools.Tips.UnitTest.Adapter, Version=10.0.0.0, Culture=neutral, PublicKeyToken=b03f5f7f11d50a3a" className="Test.GolSig.Library.PositionSpecs.WhenComparingPosition, Test.GolSig.Library, Version=1.0.0.0, Culture=neutral, PublicKeyToken=null" name="GivenNotEqualPositionCol_ThenShouldBeNotEqual" />
    </UnitTest>
    <UnitTest name="GivenCellHasTwoNeighbour_ItWillBeAliveInTheNextGeneration" storage="f:\ajay\test projects\gameoflife\test.golsig.library\bin\debug\test.golsig.library.dll" id="d5919fcc-5dba-7120-d5e9-b25d609bb096">
      <Execution id="9a113a9d-3f68-4f42-b479-b42bf536cecd" />
      <TestMethod codeBase="F:/Ajay/Test Projects/GameOfLife/Test.GolSig.Library/bin/Debug/Test.GolSig.Library.DLL" adapterTypeName="Microsoft.VisualStudio.TestTools.TestTypes.Unit.UnitTestAdapter, Microsoft.VisualStudio.QualityTools.Tips.UnitTest.Adapter, Version=10.0.0.0, Culture=neutral, PublicKeyToken=b03f5f7f11d50a3a" className="Test.GolSig.Library.RulesSpecs.WhenCheckingTheRules, Test.GolSig.Library, Version=1.0.0.0, Culture=neutral, PublicKeyToken=null" name="GivenCellHasTwoNeighbour_ItWillBeAliveInTheNextGeneration" />
    </UnitTest>
    <UnitTest name="giveInvalidColumn_shouldRaiseException" storage="f:\ajay\test projects\gameoflife\test.golsig.library\bin\debug\test.golsig.library.dll" id="0ea46f4b-f13b-2875-3c44-d50b2304f16b">
      <Execution id="41ef55ed-08b4-418c-9b73-4192205cca95" />
      <TestMethod codeBase="F:/Ajay/Test Projects/GameOfLife/Test.GolSig.Library/bin/Debug/Test.GolSig.Library.DLL" adapterTypeName="Microsoft.VisualStudio.TestTools.TestTypes.Unit.UnitTestAdapter, Microsoft.VisualStudio.QualityTools.Tips.UnitTest.Adapter, Version=10.0.0.0, Culture=neutral, PublicKeyToken=b03f5f7f11d50a3a" className="Test.GolSig.Library.BoardSizeSpecs.WhenCreatingBoardSize, Test.GolSig.Library, Version=1.0.0.0, Culture=neutral, PublicKeyToken=null" name="giveInvalidColumn_shouldRaiseException" />
    </UnitTest>
    <UnitTest name="GivenValidPosition_thenShouldGiveCelleInfoForRequestedPosition" storage="f:\ajay\test projects\gameoflife\test.golsig.library\bin\debug\test.golsig.library.dll" id="d5de71e7-04b4-c21c-d81f-89ac905dd4a0">
      <Execution id="8de2afc6-4d5e-4d65-92ab-7eb1ba918b93" />
      <TestMethod codeBase="F:/Ajay/Test Projects/GameOfLife/Test.GolSig.Library/bin/Debug/Test.GolSig.Library.DLL" adapterTypeName="Microsoft.VisualStudio.TestTools.TestTypes.Unit.UnitTestAdapter, Microsoft.VisualStudio.QualityTools.Tips.UnitTest.Adapter, Version=10.0.0.0, Culture=neutral, PublicKeyToken=b03f5f7f11d50a3a" className="Test.GolSig.Library.BoardSpecs.WhenCallingGetCurrentCellInfo, Test.GolSig.Library, Version=1.0.0.0, Culture=neutral, PublicKeyToken=null" name="GivenValidPosition_thenShouldGiveCelleInfoForRequestedPosition" />
    </UnitTest>
    <UnitTest name="ThenGameShouldExist" storage="f:\ajay\test projects\gameoflife\test.golsig.library\bin\debug\test.golsig.library.dll" id="8ac6c070-9517-fbb3-e73f-dc9291b8bd2b">
      <Execution id="1de672b3-86aa-4812-877e-1b6bd0b1e34a" />
      <TestMethod codeBase="F:/Ajay/Test Projects/GameOfLife/Test.GolSig.Library/bin/Debug/Test.GolSig.Library.DLL" adapterTypeName="Microsoft.VisualStudio.TestTools.TestTypes.Unit.UnitTestAdapter, Microsoft.VisualStudio.QualityTools.Tips.UnitTest.Adapter, Version=10.0.0.0, Culture=neutral, PublicKeyToken=b03f5f7f11d50a3a" className="Test.GolSig.Library.GameSpecs.WhenStartingNewGame, Test.GolSig.Library, Version=1.0.0.0, Culture=neutral, PublicKeyToken=null" name="ThenGameShouldExist" />
    </UnitTest>
    <UnitTest name="LiveCell_With2LiveNeighbours_Survives" storage="f:\ajay\test projects\opensource\excercise\gameoflife_by_rohit\goilib.tests\bin\debug\goilib.tests.dll" id="302285b3-c594-c72a-56b0-6a09347dfddc">
      <Execution id="c00bcd27-594f-43a1-a893-f9f5f01446a3" />
      <TestMethod codeBase="F:/Ajay/Test Projects/Opensource/Excercise/GameOfLife_By_Rohit/GOILib.Tests/bin/Debug/GOILib.Tests.DLL" adapterTypeName="Microsoft.VisualStudio.TestTools.TestTypes.Unit.UnitTestAdapter, Microsoft.VisualStudio.QualityTools.Tips.UnitTest.Adapter, Version=10.0.0.0, Culture=neutral, PublicKeyToken=b03f5f7f11d50a3a" className="GOILib.Tests.BasicTwoDimensionalEvolutionRuleTest, GOILib.Tests, Version=1.0.0.0, Culture=neutral, PublicKeyToken=null" name="LiveCell_With2LiveNeighbours_Survives" />
    </UnitTest>
    <UnitTest name="LiveCell_WithLessThan2LiveNeighbours_Dies" storage="f:\ajay\test projects\opensource\excercise\gameoflife_by_rohit\goilib.tests\bin\debug\goilib.tests.dll" id="f0496c63-2907-a2ce-0a84-3e3848f8d423">
      <Execution id="22e0f0fe-6189-4f92-bc10-a845f3d32032" />
      <TestMethod codeBase="F:/Ajay/Test Projects/Opensource/Excercise/GameOfLife_By_Rohit/GOILib.Tests/bin/Debug/GOILib.Tests.DLL" adapterTypeName="Microsoft.VisualStudio.TestTools.TestTypes.Unit.UnitTestAdapter, Microsoft.VisualStudio.QualityTools.Tips.UnitTest.Adapter, Version=10.0.0.0, Culture=neutral, PublicKeyToken=b03f5f7f11d50a3a" className="GOILib.Tests.BasicTwoDimensionalEvolutionRuleTest, GOILib.Tests, Version=1.0.0.0, Culture=neutral, PublicKeyToken=null" name="LiveCell_WithLessThan2LiveNeighbours_Dies" />
    </UnitTest>
    <UnitTest name="GivenCellHasNoNeighbour_ItIsUnderPopulated" storage="f:\ajay\test projects\gameoflife\test.golsig.library\bin\debug\test.golsig.library.dll" id="52451c36-fa41-b411-9ccf-daae4a5ef1e7">
      <Execution id="87ba1065-83b7-46c7-a174-a597d1ef0c01" />
      <TestMethod codeBase="F:/Ajay/Test Projects/GameOfLife/Test.GolSig.Library/bin/Debug/Test.GolSig.Library.DLL" adapterTypeName="Microsoft.VisualStudio.TestTools.TestTypes.Unit.UnitTestAdapter, Microsoft.VisualStudio.QualityTools.Tips.UnitTest.Adapter, Version=10.0.0.0, Culture=neutral, PublicKeyToken=b03f5f7f11d50a3a" className="Test.GolSig.Library.RulesSpecs.WhenCheckingTheRules, Test.GolSig.Library, Version=1.0.0.0, Culture=neutral, PublicKeyToken=null" name="GivenCellHasNoNeighbour_ItIsUnderPopulated" />
    </UnitTest>
    <UnitTest name="DeadCell_With3LiveNeighbours_IsBorn" storage="f:\ajay\test projects\opensource\excercise\gameoflife_by_rohit\goilib.tests\bin\debug\goilib.tests.dll" id="7c4fa973-88ca-966f-a26e-3b0c931f4840">
      <Execution id="c3718747-1596-4a45-b730-851035c071fb" />
      <TestMethod codeBase="F:/Ajay/Test Projects/Opensource/Excercise/GameOfLife_By_Rohit/GOILib.Tests/bin/Debug/GOILib.Tests.DLL" adapterTypeName="Microsoft.VisualStudio.TestTools.TestTypes.Unit.UnitTestAdapter, Microsoft.VisualStudio.QualityTools.Tips.UnitTest.Adapter, Version=10.0.0.0, Culture=neutral, PublicKeyToken=b03f5f7f11d50a3a" className="GOILib.Tests.BasicTwoDimensionalEvolutionRuleTest, GOILib.Tests, Version=1.0.0.0, Culture=neutral, PublicKeyToken=null" name="DeadCell_With3LiveNeighbours_IsBorn" />
    </UnitTest>
    <UnitTest name="GivenNotEqualStatus_ThenShouldBeNotEqual" storage="f:\ajay\test projects\gameoflife\test.golsig.library\bin\debug\test.golsig.library.dll" id="4edf204a-067e-8bcc-564b-c33232b2a3f0">
      <Execution id="49188403-6dbe-4ccf-ba42-4ba535b930e0" />
      <TestMethod codeBase="F:/Ajay/Test Projects/GameOfLife/Test.GolSig.Library/bin/Debug/Test.GolSig.Library.DLL" adapterTypeName="Microsoft.VisualStudio.TestTools.TestTypes.Unit.UnitTestAdapter, Microsoft.VisualStudio.QualityTools.Tips.UnitTest.Adapter, Version=10.0.0.0, Culture=neutral, PublicKeyToken=b03f5f7f11d50a3a" className="Test.GolSig.Library.ExtendedCellStatusInfoSpecs.WhenComparingExtendedCellInfo, Test.GolSig.Library, Version=1.0.0.0, Culture=neutral, PublicKeyToken=null" name="GivenNotEqualStatus_ThenShouldBeNotEqual" />
    </UnitTest>
    <UnitTest name="GivenCellHasOneNeighbour_ItWillNotBeAliveInTheNextGeneration" storage="f:\ajay\test projects\gameoflife\test.golsig.library\bin\debug\test.golsig.library.dll" id="bb71c48a-c10d-2103-72e6-74eb83e396db">
      <Execution id="1e1f62bd-bc13-43f4-831b-d05a5fc1bb48" />
      <TestMethod codeBase="F:/Ajay/Test Projects/GameOfLife/Test.GolSig.Library/bin/Debug/Test.GolSig.Library.DLL" adapterTypeName="Microsoft.VisualStudio.TestTools.TestTypes.Unit.UnitTestAdapter, Microsoft.VisualStudio.QualityTools.Tips.UnitTest.Adapter, Version=10.0.0.0, Culture=neutral, PublicKeyToken=b03f5f7f11d50a3a" className="Test.GolSig.Library.RulesSpecs.WhenCheckingTheRules, Test.GolSig.Library, Version=1.0.0.0, Culture=neutral, PublicKeyToken=null" name="GivenCellHasOneNeighbour_ItWillNotBeAliveInTheNextGeneration" />
    </UnitTest>
    <UnitTest name="DeadCell_WithLessThan3LiveNeighbours_RemainsDead" storage="f:\ajay\test projects\opensource\excercise\gameoflife_by_rohit\goilib.tests\bin\debug\goilib.tests.dll" id="a9349c9d-0c0d-2ca4-8512-f0b097fa427b">
      <Execution id="345b0c9d-db32-49a9-a4a3-6a1e6fb2db70" />
      <TestMethod codeBase="F:/Ajay/Test Projects/Opensource/Excercise/GameOfLife_By_Rohit/GOILib.Tests/bin/Debug/GOILib.Tests.DLL" adapterTypeName="Microsoft.VisualStudio.TestTools.TestTypes.Unit.UnitTestAdapter, Microsoft.VisualStudio.QualityTools.Tips.UnitTest.Adapter, Version=10.0.0.0, Culture=neutral, PublicKeyToken=b03f5f7f11d50a3a" className="GOILib.Tests.BasicTwoDimensionalEvolutionRuleTest, GOILib.Tests, Version=1.0.0.0, Culture=neutral, PublicKeyToken=null" name="DeadCell_WithLessThan3LiveNeighbours_RemainsDead" />
    </UnitTest>
    <UnitTest name="GivennumberOfLivingAdjacentCellsNine_ThenShouldRaiseException" storage="f:\ajay\test projects\gameoflife\test.golsig.library\bin\debug\test.golsig.library.dll" id="60b146c0-95d2-98b3-23c8-fb2350edbe43">
      <Execution id="0909ba73-d7a6-4d0d-8007-d3ee546ec114" />
      <TestMethod codeBase="F:/Ajay/Test Projects/GameOfLife/Test.GolSig.Library/bin/Debug/Test.GolSig.Library.DLL" adapterTypeName="Microsoft.VisualStudio.TestTools.TestTypes.Unit.UnitTestAdapter, Microsoft.VisualStudio.QualityTools.Tips.UnitTest.Adapter, Version=10.0.0.0, Culture=neutral, PublicKeyToken=b03f5f7f11d50a3a" className="Test.GolSig.Library.ExtendedCellStatusInfoSpecs.WhenCreatingExtendedCellStatusInfo, Test.GolSig.Library, Version=1.0.0.0, Culture=neutral, PublicKeyToken=null" name="GivennumberOfLivingAdjacentCellsNine_ThenShouldRaiseException" />
    </UnitTest>
    <UnitTest name="Grid4By4_Enumerates_16Times" storage="f:\ajay\test projects\opensource\excercise\gameoflife_by_rohit\goilib.tests\bin\debug\goilib.tests.dll" id="e3079850-d7b3-68e8-bcaa-2006b17b7af1">
      <Execution id="09c9b1df-c75a-4fc9-b3d2-b99ca4d19a97" />
      <TestMethod codeBase="F:/Ajay/Test Projects/Opensource/Excercise/GameOfLife_By_Rohit/GOILib.Tests/bin/Debug/GOILib.Tests.DLL" adapterTypeName="Microsoft.VisualStudio.TestTools.TestTypes.Unit.UnitTestAdapter, Microsoft.VisualStudio.QualityTools.Tips.UnitTest.Adapter, Version=10.0.0.0, Culture=neutral, PublicKeyToken=b03f5f7f11d50a3a" className="GOILib.Tests.GridTest, GOILib.Tests, Version=1.0.0.0, Culture=neutral, PublicKeyToken=null" name="Grid4By4_Enumerates_16Times" />
    </UnitTest>
    <UnitTest name="GivenBoardWithNineCells_ThenShouldGiveBackNineCells" storage="f:\ajay\test projects\gameoflife\test.golsig.library\bin\debug\test.golsig.library.dll" id="47f6eae8-4ad9-9a24-b9e1-1a96678833eb">
      <Execution id="0d46e151-d236-49b6-ba9f-260e6f1de5bb" />
      <TestMethod codeBase="F:/Ajay/Test Projects/GameOfLife/Test.GolSig.Library/bin/Debug/Test.GolSig.Library.DLL" adapterTypeName="Microsoft.VisualStudio.TestTools.TestTypes.Unit.UnitTestAdapter, Microsoft.VisualStudio.QualityTools.Tips.UnitTest.Adapter, Version=10.0.0.0, Culture=neutral, PublicKeyToken=b03f5f7f11d50a3a" className="Test.GolSig.Library.BoardSpecs.WhenCallingGetAllCurrentCellInfo, Test.GolSig.Library, Version=1.0.0.0, Culture=neutral, PublicKeyToken=null" name="GivenBoardWithNineCells_ThenShouldGiveBackNineCells" />
    </UnitTest>
    <UnitTest name="DeadCell_WithGreaterThan3LiveNeighbours_RemainsDead" storage="f:\ajay\test projects\opensource\excercise\gameoflife_by_rohit\goilib.tests\bin\debug\goilib.tests.dll" id="0f6b2bb1-ea61-30bf-50c2-bb29eb22b0e0">
      <Execution id="e9ac6c8a-abce-4913-b37b-991a75a768e8" />
      <TestMethod codeBase="F:/Ajay/Test Projects/Opensource/Excercise/GameOfLife_By_Rohit/GOILib.Tests/bin/Debug/GOILib.Tests.DLL" adapterTypeName="Microsoft.VisualStudio.TestTools.TestTypes.Unit.UnitTestAdapter, Microsoft.VisualStudio.QualityTools.Tips.UnitTest.Adapter, Version=10.0.0.0, Culture=neutral, PublicKeyToken=b03f5f7f11d50a3a" className="GOILib.Tests.BasicTwoDimensionalEvolutionRuleTest, GOILib.Tests, Version=1.0.0.0, Culture=neutral, PublicKeyToken=null" name="DeadCell_WithGreaterThan3LiveNeighbours_RemainsDead" />
    </UnitTest>
    <UnitTest name="GivenNoLifeCell_ThenNolifeCellShouldExist" storage="f:\ajay\test projects\gameoflife\test.golsig.library\bin\debug\test.golsig.library.dll" id="cb9c5519-6519-76b3-2dd1-7ee71fc70283">
      <Execution id="1b57ed44-ee08-4c4e-a277-5619deb85b77" />
      <TestMethod codeBase="F:/Ajay/Test Projects/GameOfLife/Test.GolSig.Library/bin/Debug/Test.GolSig.Library.DLL" adapterTypeName="Microsoft.VisualStudio.TestTools.TestTypes.Unit.UnitTestAdapter, Microsoft.VisualStudio.QualityTools.Tips.UnitTest.Adapter, Version=10.0.0.0, Culture=neutral, PublicKeyToken=b03f5f7f11d50a3a" className="Test.GolSig.Library.BoardSpecs.WhenCallingInitialize, Test.GolSig.Library, Version=1.0.0.0, Culture=neutral, PublicKeyToken=null" name="GivenNoLifeCell_ThenNolifeCellShouldExist" />
    </UnitTest>
    <UnitTest name="TopRightCellNeighboursfor_4By4Grid_Is3" storage="f:\ajay\test projects\opensource\excercise\gameoflife_by_rohit\goilib.tests\bin\debug\goilib.tests.dll" id="04429754-b63f-f7f3-0213-f6df1e3ed72f">
      <Execution id="db6f70b1-e558-41da-9dbb-0e3c051c169d" />
      <TestMethod codeBase="F:/Ajay/Test Projects/Opensource/Excercise/GameOfLife_By_Rohit/GOILib.Tests/bin/Debug/GOILib.Tests.DLL" adapterTypeName="Microsoft.VisualStudio.TestTools.TestTypes.Unit.UnitTestAdapter, Microsoft.VisualStudio.QualityTools.Tips.UnitTest.Adapter, Version=10.0.0.0, Culture=neutral, PublicKeyToken=b03f5f7f11d50a3a" className="GOILib.Tests.TwoDimensionalNeighbourCellRuleTest, GOILib.Tests, Version=1.0.0.0, Culture=neutral, PublicKeyToken=null" name="TopRightCellNeighboursfor_4By4Grid_Is3" />
    </UnitTest>
    <UnitTest name="GetGridCellTest" storage="f:\ajay\test projects\gameoflife\test.golsig.library\bin\debug\test.golsig.library.dll" id="9e542702-21ec-b21e-f4bb-86f3e7294600">
      <Execution id="85012345-d5fb-49f2-b3ff-133f02f7d80c" />
      <TestMethod codeBase="F:/Ajay/Test Projects/GameOfLife/Test.GolSig.Library/bin/Debug/Test.GolSig.Library.DLL" adapterTypeName="Microsoft.VisualStudio.TestTools.TestTypes.Unit.UnitTestAdapter, Microsoft.VisualStudio.QualityTools.Tips.UnitTest.Adapter, Version=10.0.0.0, Culture=neutral, PublicKeyToken=b03f5f7f11d50a3a" className="Test.GolSig.Library.GridStorageSpecs.GridStorageTest, Test.GolSig.Library, Version=1.0.0.0, Culture=neutral, PublicKeyToken=null" name="GetGridCellTest" />
    </UnitTest>
    <UnitTest name="GivenOutOfBoundGridPositon_ShouldRaiseException" storage="f:\ajay\test projects\gameoflife\test.golsig.library\bin\debug\test.golsig.library.dll" id="c20381a7-0134-5788-7f38-58fdfd116b3c">
      <Execution id="13e4b0f0-4a3a-4a52-a7bd-62fd2b9b887f" />
      <TestMethod codeBase="F:/Ajay/Test Projects/GameOfLife/Test.GolSig.Library/bin/Debug/Test.GolSig.Library.DLL" adapterTypeName="Microsoft.VisualStudio.TestTools.TestTypes.Unit.UnitTestAdapter, Microsoft.VisualStudio.QualityTools.Tips.UnitTest.Adapter, Version=10.0.0.0, Culture=neutral, PublicKeyToken=b03f5f7f11d50a3a" className="Test.GolSig.Library.GridStorageSpecs.WhenGettingExtendedCell, Test.GolSig.Library, Version=1.0.0.0, Culture=neutral, PublicKeyToken=null" name="GivenOutOfBoundGridPositon_ShouldRaiseException" />
    </UnitTest>
    <UnitTest name="GivenNoramConditions_thenNumberOfNextShouldBeEqual" storage="f:\ajay\test projects\gameoflife\test.golsig.library\bin\debug\test.golsig.library.dll" id="57bb0f24-f417-90f2-1ac4-79f047e2bca5">
      <Execution id="5ea8097c-c41c-4e44-abde-6e2254a9af96" />
      <TestMethod codeBase="F:/Ajay/Test Projects/GameOfLife/Test.GolSig.Library/bin/Debug/Test.GolSig.Library.DLL" adapterTypeName="Microsoft.VisualStudio.TestTools.TestTypes.Unit.UnitTestAdapter, Microsoft.VisualStudio.QualityTools.Tips.UnitTest.Adapter, Version=10.0.0.0, Culture=neutral, PublicKeyToken=b03f5f7f11d50a3a" className="Test.GolSig.Library.GridSpecs.WhenGettingAllNextGenerationCellInfo, Test.GolSig.Library, Version=1.0.0.0, Culture=neutral, PublicKeyToken=null" name="GivenNoramConditions_thenNumberOfNextShouldBeEqual" />
    </UnitTest>
    <UnitTest name="LiveCell_WithMoreThan3LiveNeighbours_Dies" storage="f:\ajay\test projects\opensource\excercise\gameoflife_by_rohit\goilib.tests\bin\debug\goilib.tests.dll" id="00c0656d-ba9f-3fa6-a637-5bcc6f34aabe">
      <Execution id="6185651b-6375-4953-8291-7b4978c50e8a" />
      <TestMethod codeBase="F:/Ajay/Test Projects/Opensource/Excercise/GameOfLife_By_Rohit/GOILib.Tests/bin/Debug/GOILib.Tests.DLL" adapterTypeName="Microsoft.VisualStudio.TestTools.TestTypes.Unit.UnitTestAdapter, Microsoft.VisualStudio.QualityTools.Tips.UnitTest.Adapter, Version=10.0.0.0, Culture=neutral, PublicKeyToken=b03f5f7f11d50a3a" className="GOILib.Tests.BasicTwoDimensionalEvolutionRuleTest, GOILib.Tests, Version=1.0.0.0, Culture=neutral, PublicKeyToken=null" name="LiveCell_WithMoreThan3LiveNeighbours_Dies" />
    </UnitTest>
    <UnitTest name="GivenValidConditions_ShouldGiveStatusInfoBack" storage="f:\ajay\test projects\gameoflife\test.golsig.library\bin\debug\test.golsig.library.dll" id="5991643b-34d4-5ae1-7c88-7e9f9d3c218e">
      <Execution id="a850b1f7-c2bb-41e1-8c71-6d59fc2677fb" />
      <TestMethod codeBase="F:/Ajay/Test Projects/GameOfLife/Test.GolSig.Library/bin/Debug/Test.GolSig.Library.DLL" adapterTypeName="Microsoft.VisualStudio.TestTools.TestTypes.Unit.UnitTestAdapter, Microsoft.VisualStudio.QualityTools.Tips.UnitTest.Adapter, Version=10.0.0.0, Culture=neutral, PublicKeyToken=b03f5f7f11d50a3a" className="Test.GolSig.Library.GridStorageSpecs.WhenCheckingCellAlive, Test.GolSig.Library, Version=1.0.0.0, Culture=neutral, PublicKeyToken=null" name="GivenValidConditions_ShouldGiveStatusInfoBack" />
    </UnitTest>
    <UnitTest name="giveInvalidColumn_shouldRaiseException" storage="f:\ajay\test projects\gameoflife\test.golsig.library\bin\debug\test.golsig.library.dll" id="189b2f3c-29c3-3a07-e092-c598e19437c1">
      <Execution id="889de260-0c10-464c-9c1e-b1146187ff90" />
      <TestMethod codeBase="F:/Ajay/Test Projects/GameOfLife/Test.GolSig.Library/bin/Debug/Test.GolSig.Library.DLL" adapterTypeName="Microsoft.VisualStudio.TestTools.TestTypes.Unit.UnitTestAdapter, Microsoft.VisualStudio.QualityTools.Tips.UnitTest.Adapter, Version=10.0.0.0, Culture=neutral, PublicKeyToken=b03f5f7f11d50a3a" className="Test.GolSig.Library.GridSizeSpecs.WhenCreatingGridSize, Test.GolSig.Library, Version=1.0.0.0, Culture=neutral, PublicKeyToken=null" name="giveInvalidColumn_shouldRaiseException" />
    </UnitTest>
    <UnitTest name="GivenOnLifeCell_ThenOnlifeCellShouldExist" storage="f:\ajay\test projects\gameoflife\test.golsig.library\bin\debug\test.golsig.library.dll" id="f68c0d9d-2ce4-a7c8-0255-be25a87386c7">
      <Execution id="47f46316-a743-431a-a784-5c4bca22c056" />
      <TestMethod codeBase="F:/Ajay/Test Projects/GameOfLife/Test.GolSig.Library/bin/Debug/Test.GolSig.Library.DLL" adapterTypeName="Microsoft.VisualStudio.TestTools.TestTypes.Unit.UnitTestAdapter, Microsoft.VisualStudio.QualityTools.Tips.UnitTest.Adapter, Version=10.0.0.0, Culture=neutral, PublicKeyToken=b03f5f7f11d50a3a" className="Test.GolSig.Library.BoardSpecs.WhenCallingInitialize, Test.GolSig.Library, Version=1.0.0.0, Culture=neutral, PublicKeyToken=null" name="GivenOnLifeCell_ThenOnlifeCellShouldExist" />
    </UnitTest>
    <UnitTest name="GivenCellHasThreeNeighbour_ItIsSurvivable" storage="f:\ajay\test projects\gameoflife\test.golsig.library\bin\debug\test.golsig.library.dll" id="fe870931-54c3-67c9-801f-17c0bfc870c7">
      <Execution id="fd04ca8c-516b-49ab-a062-456891817608" />
      <TestMethod codeBase="F:/Ajay/Test Projects/GameOfLife/Test.GolSig.Library/bin/Debug/Test.GolSig.Library.DLL" adapterTypeName="Microsoft.VisualStudio.TestTools.TestTypes.Unit.UnitTestAdapter, Microsoft.VisualStudio.QualityTools.Tips.UnitTest.Adapter, Version=10.0.0.0, Culture=neutral, PublicKeyToken=b03f5f7f11d50a3a" className="Test.GolSig.Library.RulesSpecs.WhenCheckingTheRules, Test.GolSig.Library, Version=1.0.0.0, Culture=neutral, PublicKeyToken=null" name="GivenCellHasThreeNeighbour_ItIsSurvivable" />
    </UnitTest>
    <UnitTest name="GivenCellIsDeadAndHasThreeNeighbour_ItWillBeAliveInTheNextGeneration" storage="f:\ajay\test projects\gameoflife\test.golsig.library\bin\debug\test.golsig.library.dll" id="fd8d90ac-7223-31b1-91dd-f8f5756cb4c5">
      <Execution id="f1573d35-e021-49c3-a6ea-ad8d2fc4aa52" />
      <TestMethod codeBase="F:/Ajay/Test Projects/GameOfLife/Test.GolSig.Library/bin/Debug/Test.GolSig.Library.DLL" adapterTypeName="Microsoft.VisualStudio.TestTools.TestTypes.Unit.UnitTestAdapter, Microsoft.VisualStudio.QualityTools.Tips.UnitTest.Adapter, Version=10.0.0.0, Culture=neutral, PublicKeyToken=b03f5f7f11d50a3a" className="Test.GolSig.Library.RulesSpecs.WhenCheckingTheRules, Test.GolSig.Library, Version=1.0.0.0, Culture=neutral, PublicKeyToken=null" name="GivenCellIsDeadAndHasThreeNeighbour_ItWillBeAliveInTheNextGeneration" />
    </UnitTest>
    <UnitTest name="GivenNotEqualPositionRow_ThenShouldBeNotEqual" storage="f:\ajay\test projects\gameoflife\test.golsig.library\bin\debug\test.golsig.library.dll" id="f1dcd973-a47b-2224-e747-9a5f4ed23d4c">
      <Execution id="1a5f6ade-335d-48c9-b4c1-d800e11628c8" />
      <TestMethod codeBase="F:/Ajay/Test Projects/GameOfLife/Test.GolSig.Library/bin/Debug/Test.GolSig.Library.DLL" adapterTypeName="Microsoft.VisualStudio.TestTools.TestTypes.Unit.UnitTestAdapter, Microsoft.VisualStudio.QualityTools.Tips.UnitTest.Adapter, Version=10.0.0.0, Culture=neutral, PublicKeyToken=b03f5f7f11d50a3a" className="Test.GolSig.Library.PositionSpecs.WhenComparingPosition, Test.GolSig.Library, Version=1.0.0.0, Culture=neutral, PublicKeyToken=null" name="GivenNotEqualPositionRow_ThenShouldBeNotEqual" />
    </UnitTest>
    <UnitTest name="GivenEqualCell_ThenShouldBeEqual" storage="f:\ajay\test projects\gameoflife\test.golsig.library\bin\debug\test.golsig.library.dll" id="82769867-76f6-2fb7-2ef5-104da87bcd54">
      <Execution id="9bbe4e04-64f6-4adf-8852-d0c782958a4d" />
      <TestMethod codeBase="F:/Ajay/Test Projects/GameOfLife/Test.GolSig.Library/bin/Debug/Test.GolSig.Library.DLL" adapterTypeName="Microsoft.VisualStudio.TestTools.TestTypes.Unit.UnitTestAdapter, Microsoft.VisualStudio.QualityTools.Tips.UnitTest.Adapter, Version=10.0.0.0, Culture=neutral, PublicKeyToken=b03f5f7f11d50a3a" className="Test.GolSig.Library.ExtendedCellStatusInfoSpecs.WhenComparingExtendedCellInfo, Test.GolSig.Library, Version=1.0.0.0, Culture=neutral, PublicKeyToken=null" name="GivenEqualCell_ThenShouldBeEqual" />
    </UnitTest>
    <UnitTest name="GivenNullPosition_shouldRaiseException" storage="f:\ajay\test projects\gameoflife\test.golsig.library\bin\debug\test.golsig.library.dll" id="5c729bfb-c886-5eb7-15ea-bd73f1aeb033">
      <Execution id="10227655-cc37-4ceb-bbf7-ad81046876ae" />
      <TestMethod codeBase="F:/Ajay/Test Projects/GameOfLife/Test.GolSig.Library/bin/Debug/Test.GolSig.Library.DLL" adapterTypeName="Microsoft.VisualStudio.TestTools.TestTypes.Unit.UnitTestAdapter, Microsoft.VisualStudio.QualityTools.Tips.UnitTest.Adapter, Version=10.0.0.0, Culture=neutral, PublicKeyToken=b03f5f7f11d50a3a" className="Test.GolSig.Library.GridPositionSpecs.WhenCreatingGridPosition, Test.GolSig.Library, Version=1.0.0.0, Culture=neutral, PublicKeyToken=null" name="GivenNullPosition_shouldRaiseException" />
    </UnitTest>
    <UnitTest name="GivenInValidBoard_ShouldRaiseException" storage="f:\ajay\test projects\gameoflife\test.golsig.library\bin\debug\test.golsig.library.dll" id="8b9e119b-297e-09fe-cce4-0c0ffa52b7d8">
      <Execution id="03a84dfa-8817-4feb-853c-7cfe8141467d" />
      <TestMethod codeBase="F:/Ajay/Test Projects/GameOfLife/Test.GolSig.Library/bin/Debug/Test.GolSig.Library.DLL" adapterTypeName="Microsoft.VisualStudio.TestTools.TestTypes.Unit.UnitTestAdapter, Microsoft.VisualStudio.QualityTools.Tips.UnitTest.Adapter, Version=10.0.0.0, Culture=neutral, PublicKeyToken=b03f5f7f11d50a3a" className="Test.GolSig.Library.GridSpecs.WhenCreatingGrid, Test.GolSig.Library, Version=1.0.0.0, Culture=neutral, PublicKeyToken=null" name="GivenInValidBoard_ShouldRaiseException" />
    </UnitTest>
    <UnitTest name="GivenNotEqualPosition_ThenShouldBeNotEqual" storage="f:\ajay\test projects\gameoflife\test.golsig.library\bin\debug\test.golsig.library.dll" id="8a3e5f7e-17e8-3f8d-643b-5bc658b3db53">
      <Execution id="fabc28b6-d45f-4504-8d0a-89ea4d2a92b3" />
      <TestMethod codeBase="F:/Ajay/Test Projects/GameOfLife/Test.GolSig.Library/bin/Debug/Test.GolSig.Library.DLL" adapterTypeName="Microsoft.VisualStudio.TestTools.TestTypes.Unit.UnitTestAdapter, Microsoft.VisualStudio.QualityTools.Tips.UnitTest.Adapter, Version=10.0.0.0, Culture=neutral, PublicKeyToken=b03f5f7f11d50a3a" className="Test.GolSig.Library.CellInfoSpecs.WhenComparingCellInfo, Test.GolSig.Library, Version=1.0.0.0, Culture=neutral, PublicKeyToken=null" name="GivenNotEqualPosition_ThenShouldBeNotEqual" />
    </UnitTest>
    <UnitTest name="giveValidInput_RowAndColumShouldBeCorrect" storage="f:\ajay\test projects\gameoflife\test.golsig.library\bin\debug\test.golsig.library.dll" id="d1befcee-ac21-ee22-4d15-085c76d05273">
      <Execution id="c1315c2b-38c6-41dd-8854-29a80c198f6a" />
      <TestMethod codeBase="F:/Ajay/Test Projects/GameOfLife/Test.GolSig.Library/bin/Debug/Test.GolSig.Library.DLL" adapterTypeName="Microsoft.VisualStudio.TestTools.TestTypes.Unit.UnitTestAdapter, Microsoft.VisualStudio.QualityTools.Tips.UnitTest.Adapter, Version=10.0.0.0, Culture=neutral, PublicKeyToken=b03f5f7f11d50a3a" className="Test.GolSig.Library.PositionSpecs.WhenCreatingPositionSize, Test.GolSig.Library, Version=1.0.0.0, Culture=neutral, PublicKeyToken=null" name="giveValidInput_RowAndColumShouldBeCorrect" />
    </UnitTest>
    <UnitTest name="GivenValidPosition_ThenCellInfoShouldBeCreated" storage="f:\ajay\test projects\gameoflife\test.golsig.library\bin\debug\test.golsig.library.dll" id="0298d2c9-a727-537f-53f8-2e5457b25f2f">
      <Execution id="ea2d5c9d-248c-487b-95e8-ed6f683dd057" />
      <TestMethod codeBase="F:/Ajay/Test Projects/GameOfLife/Test.GolSig.Library/bin/Debug/Test.GolSig.Library.DLL" adapterTypeName="Microsoft.VisualStudio.TestTools.TestTypes.Unit.UnitTestAdapter, Microsoft.VisualStudio.QualityTools.Tips.UnitTest.Adapter, Version=10.0.0.0, Culture=neutral, PublicKeyToken=b03f5f7f11d50a3a" className="Test.GolSig.Library.CellInfoSpecs.WhenCreatingCellInfo, Test.GolSig.Library, Version=1.0.0.0, Culture=neutral, PublicKeyToken=null" name="GivenValidPosition_ThenCellInfoShouldBeCreated" />
    </UnitTest>
    <UnitTest name="GivenEqualPosition_ThenShouldBeEqual" storage="f:\ajay\test projects\gameoflife\test.golsig.library\bin\debug\test.golsig.library.dll" id="fc2607a8-4649-3b96-679b-d7d069fea2a1">
      <Execution id="cb0b95ee-5561-4b72-953c-3e3cfa0633ab" />
      <TestMethod codeBase="F:/Ajay/Test Projects/GameOfLife/Test.GolSig.Library/bin/Debug/Test.GolSig.Library.DLL" adapterTypeName="Microsoft.VisualStudio.TestTools.TestTypes.Unit.UnitTestAdapter, Microsoft.VisualStudio.QualityTools.Tips.UnitTest.Adapter, Version=10.0.0.0, Culture=neutral, PublicKeyToken=b03f5f7f11d50a3a" className="Test.GolSig.Library.PositionSpecs.WhenComparingPosition, Test.GolSig.Library, Version=1.0.0.0, Culture=neutral, PublicKeyToken=null" name="GivenEqualPosition_ThenShouldBeEqual" />
    </UnitTest>
    <UnitTest name="BottomRightCellNeighboursfor_4By4Grid_Is3" storage="f:\ajay\test projects\opensource\excercise\gameoflife_by_rohit\goilib.tests\bin\debug\goilib.tests.dll" id="35936d00-dae6-c46d-e522-79471d895c0c">
      <Execution id="186f2423-3c13-4642-baa3-1f3d8edf5981" />
      <TestMethod codeBase="F:/Ajay/Test Projects/Opensource/Excercise/GameOfLife_By_Rohit/GOILib.Tests/bin/Debug/GOILib.Tests.DLL" adapterTypeName="Microsoft.VisualStudio.TestTools.TestTypes.Unit.UnitTestAdapter, Microsoft.VisualStudio.QualityTools.Tips.UnitTest.Adapter, Version=10.0.0.0, Culture=neutral, PublicKeyToken=b03f5f7f11d50a3a" className="GOILib.Tests.TwoDimensionalNeighbourCellRuleTest, GOILib.Tests, Version=1.0.0.0, Culture=neutral, PublicKeyToken=null" name="BottomRightCellNeighboursfor_4By4Grid_Is3" />
    </UnitTest>
    <UnitTest name="SpecificationOnNeighbours_IscorrectlyApplied" storage="f:\ajay\test projects\opensource\excercise\gameoflife_by_rohit\goilib.tests\bin\debug\goilib.tests.dll" id="ec2248cd-7ade-73b8-0203-7e0e0062dc8f">
      <Execution id="cf7ee650-925b-4d5e-814f-216731bd607c" />
      <TestMethod codeBase="F:/Ajay/Test Projects/Opensource/Excercise/GameOfLife_By_Rohit/GOILib.Tests/bin/Debug/GOILib.Tests.DLL" adapterTypeName="Microsoft.VisualStudio.TestTools.TestTypes.Unit.UnitTestAdapter, Microsoft.VisualStudio.QualityTools.Tips.UnitTest.Adapter, Version=10.0.0.0, Culture=neutral, PublicKeyToken=b03f5f7f11d50a3a" className="GOILib.Tests.TwoDimensionalNeighbourCellRuleTest, GOILib.Tests, Version=1.0.0.0, Culture=neutral, PublicKeyToken=null" name="SpecificationOnNeighbours_IscorrectlyApplied" />
    </UnitTest>
    <UnitTest name="giveInvalidRow_shouldRaiseException" storage="f:\ajay\test projects\gameoflife\test.golsig.library\bin\debug\test.golsig.library.dll" id="1efdd584-f406-88d0-800e-8f63fce68711">
      <Execution id="1a25b908-be7c-4a29-be2a-4f0c9278f32b" />
      <TestMethod codeBase="F:/Ajay/Test Projects/GameOfLife/Test.GolSig.Library/bin/Debug/Test.GolSig.Library.DLL" adapterTypeName="Microsoft.VisualStudio.TestTools.TestTypes.Unit.UnitTestAdapter, Microsoft.VisualStudio.QualityTools.Tips.UnitTest.Adapter, Version=10.0.0.0, Culture=neutral, PublicKeyToken=b03f5f7f11d50a3a" className="Test.GolSig.Library.PositionSpecs.WhenCreatingPositionSize, Test.GolSig.Library, Version=1.0.0.0, Culture=neutral, PublicKeyToken=null" name="giveInvalidRow_shouldRaiseException" />
    </UnitTest>
    <UnitTest name="LiveCell_With3LiveNeighbours_Survives" storage="f:\ajay\test projects\opensource\excercise\gameoflife_by_rohit\goilib.tests\bin\debug\goilib.tests.dll" id="de9779e7-7051-b911-677b-97cddf55495b">
      <Execution id="3de8406b-02f9-4938-b633-e8f81579de98" />
      <TestMethod codeBase="F:/Ajay/Test Projects/Opensource/Excercise/GameOfLife_By_Rohit/GOILib.Tests/bin/Debug/GOILib.Tests.DLL" adapterTypeName="Microsoft.VisualStudio.TestTools.TestTypes.Unit.UnitTestAdapter, Microsoft.VisualStudio.QualityTools.Tips.UnitTest.Adapter, Version=10.0.0.0, Culture=neutral, PublicKeyToken=b03f5f7f11d50a3a" className="GOILib.Tests.BasicTwoDimensionalEvolutionRuleTest, GOILib.Tests, Version=1.0.0.0, Culture=neutral, PublicKeyToken=null" name="LiveCell_With3LiveNeighbours_Survives" />
    </UnitTest>
    <UnitTest name="GivenBoardWithNineCells_ThenShouldGiveBackNineCells" storage="f:\ajay\test projects\gameoflife\test.golsig.library\bin\debug\test.golsig.library.dll" id="3f7ccaf4-cc9a-f2fe-ed07-46b3e8529205">
      <Execution id="d7dae8ba-f21d-4cec-9e6f-bff64f2e33dd" />
      <TestMethod codeBase="F:/Ajay/Test Projects/GameOfLife/Test.GolSig.Library/bin/Debug/Test.GolSig.Library.DLL" adapterTypeName="Microsoft.VisualStudio.TestTools.TestTypes.Unit.UnitTestAdapter, Microsoft.VisualStudio.QualityTools.Tips.UnitTest.Adapter, Version=10.0.0.0, Culture=neutral, PublicKeyToken=b03f5f7f11d50a3a" className="Test.GolSig.Library.BoardSpecs.WhenCallingCreateNextGeneration, Test.GolSig.Library, Version=1.0.0.0, Culture=neutral, PublicKeyToken=null" name="GivenBoardWithNineCells_ThenShouldGiveBackNineCells" />
    </UnitTest>
    <UnitTest name="TopLeftCellNeighboursfor_4By4Grid_Is3" storage="f:\ajay\test projects\opensource\excercise\gameoflife_by_rohit\goilib.tests\bin\debug\goilib.tests.dll" id="678a5119-34d2-dbab-5ea2-e6271a48d133">
      <Execution id="91364928-77a1-4cc2-972c-01850ee347f5" />
      <TestMethod codeBase="F:/Ajay/Test Projects/Opensource/Excercise/GameOfLife_By_Rohit/GOILib.Tests/bin/Debug/GOILib.Tests.DLL" adapterTypeName="Microsoft.VisualStudio.TestTools.TestTypes.Unit.UnitTestAdapter, Microsoft.VisualStudio.QualityTools.Tips.UnitTest.Adapter, Version=10.0.0.0, Culture=neutral, PublicKeyToken=b03f5f7f11d50a3a" className="GOILib.Tests.TwoDimensionalNeighbourCellRuleTest, GOILib.Tests, Version=1.0.0.0, Culture=neutral, PublicKeyToken=null" name="TopLeftCellNeighboursfor_4By4Grid_Is3" />
    </UnitTest>
    <UnitTest name="GivenNullPosition_ThenNullArgumentExceptionShouldBeThrown" storage="f:\ajay\test projects\gameoflife\test.golsig.library\bin\debug\test.golsig.library.dll" id="89f30033-6f22-fe17-4a68-0b4f18574fe6">
      <Execution id="738be570-d962-4c4c-b38a-4ec9dae4d8f3" />
      <TestMethod codeBase="F:/Ajay/Test Projects/GameOfLife/Test.GolSig.Library/bin/Debug/Test.GolSig.Library.DLL" adapterTypeName="Microsoft.VisualStudio.TestTools.TestTypes.Unit.UnitTestAdapter, Microsoft.VisualStudio.QualityTools.Tips.UnitTest.Adapter, Version=10.0.0.0, Culture=neutral, PublicKeyToken=b03f5f7f11d50a3a" className="Test.GolSig.Library.CellInfoSpecs.WhenCreatingCellInfo, Test.GolSig.Library, Version=1.0.0.0, Culture=neutral, PublicKeyToken=null" name="GivenNullPosition_ThenNullArgumentExceptionShouldBeThrown" />
    </UnitTest>
    <UnitTest name="GivenInvalidPosition_thenShouldRaiseException" storage="f:\ajay\test projects\gameoflife\test.golsig.library\bin\debug\test.golsig.library.dll" id="3a44ca13-d626-a676-7f9e-9b1fc719e4f1">
      <Execution id="39b1af3c-63ea-4425-b82a-bcc69c3f31cb" />
      <TestMethod codeBase="F:/Ajay/Test Projects/GameOfLife/Test.GolSig.Library/bin/Debug/Test.GolSig.Library.DLL" adapterTypeName="Microsoft.VisualStudio.TestTools.TestTypes.Unit.UnitTestAdapter, Microsoft.VisualStudio.QualityTools.Tips.UnitTest.Adapter, Version=10.0.0.0, Culture=neutral, PublicKeyToken=b03f5f7f11d50a3a" className="Test.GolSig.Library.BoardSpecs.WhenCallingGetCurrentCellInfo, Test.GolSig.Library, Version=1.0.0.0, Culture=neutral, PublicKeyToken=null" name="GivenInvalidPosition_thenShouldRaiseException" />
    </UnitTest>
    <UnitTest name="GivenCellIsDeadAndHasThreeNeighbour_ItIsReproduciable" storage="f:\ajay\test projects\gameoflife\test.golsig.library\bin\debug\test.golsig.library.dll" id="a118a37b-d973-68a5-4727-cf2048086c20">
      <Execution id="4652312b-67e8-48b8-b02c-7565bd539c28" />
      <TestMethod codeBase="F:/Ajay/Test Projects/GameOfLife/Test.GolSig.Library/bin/Debug/Test.GolSig.Library.DLL" adapterTypeName="Microsoft.VisualStudio.TestTools.TestTypes.Unit.UnitTestAdapter, Microsoft.VisualStudio.QualityTools.Tips.UnitTest.Adapter, Version=10.0.0.0, Culture=neutral, PublicKeyToken=b03f5f7f11d50a3a" className="Test.GolSig.Library.RulesSpecs.WhenCheckingTheRules, Test.GolSig.Library, Version=1.0.0.0, Culture=neutral, PublicKeyToken=null" name="GivenCellIsDeadAndHasThreeNeighbour_ItIsReproduciable" />
    </UnitTest>
    <UnitTest name="BottomLeftCellNeighboursfor_4By4Grid_Is3" storage="f:\ajay\test projects\opensource\excercise\gameoflife_by_rohit\goilib.tests\bin\debug\goilib.tests.dll" id="2edea3fc-be82-e18c-662c-9f4e0d36d0e2">
      <Execution id="ec062a68-bfe9-429f-86a6-d8069f0fa53e" />
      <TestMethod codeBase="F:/Ajay/Test Projects/Opensource/Excercise/GameOfLife_By_Rohit/GOILib.Tests/bin/Debug/GOILib.Tests.DLL" adapterTypeName="Microsoft.VisualStudio.TestTools.TestTypes.Unit.UnitTestAdapter, Microsoft.VisualStudio.QualityTools.Tips.UnitTest.Adapter, Version=10.0.0.0, Culture=neutral, PublicKeyToken=b03f5f7f11d50a3a" className="GOILib.Tests.TwoDimensionalNeighbourCellRuleTest, GOILib.Tests, Version=1.0.0.0, Culture=neutral, PublicKeyToken=null" name="BottomLeftCellNeighboursfor_4By4Grid_Is3" />
    </UnitTest>
    <UnitTest name="GivenEmptyBoard_AllCellsAreDead" storage="f:\ajay\test projects\gameoflife\test.golsig.library\bin\debug\test.golsig.library.dll" id="4785073c-c1ee-7929-51b8-677eeb67c3d2">
      <Execution id="5e01273e-a747-466b-b836-7e2cdef7003a" />
      <TestMethod codeBase="F:/Ajay/Test Projects/GameOfLife/Test.GolSig.Library/bin/Debug/Test.GolSig.Library.DLL" adapterTypeName="Microsoft.VisualStudio.TestTools.TestTypes.Unit.UnitTestAdapter, Microsoft.VisualStudio.QualityTools.Tips.UnitTest.Adapter, Version=10.0.0.0, Culture=neutral, PublicKeyToken=b03f5f7f11d50a3a" className="Test.GolSig.Library.GridSpecs.WhenGettingAllCurrentCells, Test.GolSig.Library, Version=1.0.0.0, Culture=neutral, PublicKeyToken=null" name="GivenEmptyBoard_AllCellsAreDead" />
    </UnitTest>
    <UnitTest name="GivenValidPosition_shouldRecalucateGridPosition" storage="f:\ajay\test projects\gameoflife\test.golsig.library\bin\debug\test.golsig.library.dll" id="bc920937-fa96-db8b-d4cc-43c280492a0d">
      <Execution id="adc417ed-f9c0-4117-a85d-58a45f236fe8" />
      <TestMethod codeBase="F:/Ajay/Test Projects/GameOfLife/Test.GolSig.Library/bin/Debug/Test.GolSig.Library.DLL" adapterTypeName="Microsoft.VisualStudio.TestTools.TestTypes.Unit.UnitTestAdapter, Microsoft.VisualStudio.QualityTools.Tips.UnitTest.Adapter, Version=10.0.0.0, Culture=neutral, PublicKeyToken=b03f5f7f11d50a3a" className="Test.GolSig.Library.GridPositionSpecs.WhenCreatingGridPosition, Test.GolSig.Library, Version=1.0.0.0, Culture=neutral, PublicKeyToken=null" name="GivenValidPosition_shouldRecalucateGridPosition" />
    </UnitTest>
    <UnitTest name="GivenCellHasFourNeighbour_ItWillBeNotAliveInTheNextGeneration" storage="f:\ajay\test projects\gameoflife\test.golsig.library\bin\debug\test.golsig.library.dll" id="a2dc803c-252b-34f6-5c57-4531878aefa1">
      <Execution id="a9d8ff92-0b90-4a54-8d3d-ffc7d4599196" />
      <TestMethod codeBase="F:/Ajay/Test Projects/GameOfLife/Test.GolSig.Library/bin/Debug/Test.GolSig.Library.DLL" adapterTypeName="Microsoft.VisualStudio.TestTools.TestTypes.Unit.UnitTestAdapter, Microsoft.VisualStudio.QualityTools.Tips.UnitTest.Adapter, Version=10.0.0.0, Culture=neutral, PublicKeyToken=b03f5f7f11d50a3a" className="Test.GolSig.Library.RulesSpecs.WhenCheckingTheRules, Test.GolSig.Library, Version=1.0.0.0, Culture=neutral, PublicKeyToken=null" name="GivenCellHasFourNeighbour_ItWillBeNotAliveInTheNextGeneration" />
    </UnitTest>
    <UnitTest name="GivenNormalConditions_thenCellInfoIsCorrect" storage="f:\ajay\test projects\gameoflife\test.golsig.library\bin\debug\test.golsig.library.dll" id="2f843f65-9a7a-8236-faa2-fc03de3af21e">
      <Execution id="77312b91-3d7b-4dce-9a84-d85411e8c814" />
      <TestMethod codeBase="F:/Ajay/Test Projects/GameOfLife/Test.GolSig.Library/bin/Debug/Test.GolSig.Library.DLL" adapterTypeName="Microsoft.VisualStudio.TestTools.TestTypes.Unit.UnitTestAdapter, Microsoft.VisualStudio.QualityTools.Tips.UnitTest.Adapter, Version=10.0.0.0, Culture=neutral, PublicKeyToken=b03f5f7f11d50a3a" className="Test.GolSig.Library.GridSpecs.WhenGettingCurrentCell, Test.GolSig.Library, Version=1.0.0.0, Culture=neutral, PublicKeyToken=null" name="GivenNormalConditions_thenCellInfoIsCorrect" />
    </UnitTest>
    <UnitTest name="GivenCellHasThreeNeighbour_ItWillBeAliveInTheNextGeneration" storage="f:\ajay\test projects\gameoflife\test.golsig.library\bin\debug\test.golsig.library.dll" id="15c9b6d2-860a-7013-9e24-85b320450391">
      <Execution id="3fcbbba0-30e1-4586-be6e-9cd98ed351af" />
      <TestMethod codeBase="F:/Ajay/Test Projects/GameOfLife/Test.GolSig.Library/bin/Debug/Test.GolSig.Library.DLL" adapterTypeName="Microsoft.VisualStudio.TestTools.TestTypes.Unit.UnitTestAdapter, Microsoft.VisualStudio.QualityTools.Tips.UnitTest.Adapter, Version=10.0.0.0, Culture=neutral, PublicKeyToken=b03f5f7f11d50a3a" className="Test.GolSig.Library.RulesSpecs.WhenCheckingTheRules, Test.GolSig.Library, Version=1.0.0.0, Culture=neutral, PublicKeyToken=null" name="GivenCellHasThreeNeighbour_ItWillBeAliveInTheNextGeneration" />
    </UnitTest>
    <UnitTest name="NewBoardPositionShouldBeSet" storage="f:\ajay\test projects\gameoflife\test.golsig.library\bin\debug\test.golsig.library.dll" id="a0753542-4045-023f-67f4-d0ebe89698d6">
      <Execution id="c419b22b-5dbb-454a-9ea5-af1b9f9ef488" />
      <TestMethod codeBase="F:/Ajay/Test Projects/GameOfLife/Test.GolSig.Library/bin/Debug/Test.GolSig.Library.DLL" adapterTypeName="Microsoft.VisualStudio.TestTools.TestTypes.Unit.UnitTestAdapter, Microsoft.VisualStudio.QualityTools.Tips.UnitTest.Adapter, Version=10.0.0.0, Culture=neutral, PublicKeyToken=b03f5f7f11d50a3a" className="Test.GolSig.Library.GameSpecs.WhenNextingGame, Test.GolSig.Library, Version=1.0.0.0, Culture=neutral, PublicKeyToken=null" name="NewBoardPositionShouldBeSet" />
    </UnitTest>
    <UnitTest name="BoradShouldBeInitialized" storage="f:\ajay\test projects\gameoflife\test.golsig.library\bin\debug\test.golsig.library.dll" id="95b0e888-2d69-7bb9-1cfb-c146fcd4542f">
      <Execution id="53d90622-2768-4a79-a0ad-21f74bb6742c" />
      <TestMethod codeBase="F:/Ajay/Test Projects/GameOfLife/Test.GolSig.Library/bin/Debug/Test.GolSig.Library.DLL" adapterTypeName="Microsoft.VisualStudio.TestTools.TestTypes.Unit.UnitTestAdapter, Microsoft.VisualStudio.QualityTools.Tips.UnitTest.Adapter, Version=10.0.0.0, Culture=neutral, PublicKeyToken=b03f5f7f11d50a3a" className="Test.GolSig.Library.GameSpecs.WhenInitializingGame, Test.GolSig.Library, Version=1.0.0.0, Culture=neutral, PublicKeyToken=null" name="BoradShouldBeInitialized" />
    </UnitTest>
    <UnitTest name="giveInvalidRow_shouldRaiseException" storage="f:\ajay\test projects\gameoflife\test.golsig.library\bin\debug\test.golsig.library.dll" id="70de4f30-637c-4a57-73ea-a0ad62dd85c2">
      <Execution id="7ad72d1e-61c2-4dd2-bba6-12a6e08dc28c" />
      <TestMethod codeBase="F:/Ajay/Test Projects/GameOfLife/Test.GolSig.Library/bin/Debug/Test.GolSig.Library.DLL" adapterTypeName="Microsoft.VisualStudio.TestTools.TestTypes.Unit.UnitTestAdapter, Microsoft.VisualStudio.QualityTools.Tips.UnitTest.Adapter, Version=10.0.0.0, Culture=neutral, PublicKeyToken=b03f5f7f11d50a3a" className="Test.GolSig.Library.BoardSizeSpecs.WhenCreatingBoardSize, Test.GolSig.Library, Version=1.0.0.0, Culture=neutral, PublicKeyToken=null" name="giveInvalidRow_shouldRaiseException" />
    </UnitTest>
    <UnitTest name="GivenNullBoardSize_ThenShouldThrowException" storage="f:\ajay\test projects\gameoflife\test.golsig.library\bin\debug\test.golsig.library.dll" id="11de96b1-4389-8649-5865-9af6624d9d8e">
      <Execution id="f7ebd54b-a04d-4107-a26b-c3f48ef6f885" />
      <TestMethod codeBase="F:/Ajay/Test Projects/GameOfLife/Test.GolSig.Library/bin/Debug/Test.GolSig.Library.DLL" adapterTypeName="Microsoft.VisualStudio.TestTools.TestTypes.Unit.UnitTestAdapter, Microsoft.VisualStudio.QualityTools.Tips.UnitTest.Adapter, Version=10.0.0.0, Culture=neutral, PublicKeyToken=b03f5f7f11d50a3a" className="Test.GolSig.Library.BoardSpecs.WhenCreatingBoard, Test.GolSig.Library, Version=1.0.0.0, Culture=neutral, PublicKeyToken=null" name="GivenNullBoardSize_ThenShouldThrowException" />
    </UnitTest>
    <UnitTest name="giveValidInput_ExtraRowAndColumShouldBeAdded" storage="f:\ajay\test projects\gameoflife\test.golsig.library\bin\debug\test.golsig.library.dll" id="0d479428-1983-7c32-0912-5164cfbcfb46">
      <Execution id="24c0df02-e224-42c7-8118-6d1919c59808" />
      <TestMethod codeBase="F:/Ajay/Test Projects/GameOfLife/Test.GolSig.Library/bin/Debug/Test.GolSig.Library.DLL" adapterTypeName="Microsoft.VisualStudio.TestTools.TestTypes.Unit.UnitTestAdapter, Microsoft.VisualStudio.QualityTools.Tips.UnitTest.Adapter, Version=10.0.0.0, Culture=neutral, PublicKeyToken=b03f5f7f11d50a3a" className="Test.GolSig.Library.GridSizeSpecs.WhenCreatingGridSize, Test.GolSig.Library, Version=1.0.0.0, Culture=neutral, PublicKeyToken=null" name="giveValidInput_ExtraRowAndColumShouldBeAdded" />
    </UnitTest>
    <UnitTest name="GivenValidArgument_ThenShouldBeCreated" storage="f:\ajay\test projects\gameoflife\test.golsig.library\bin\debug\test.golsig.library.dll" id="eacffc10-68a8-b24f-9750-7757a2772f49">
      <Execution id="3ecb8324-1430-4c36-9b6b-009b496fb420" />
      <TestMethod codeBase="F:/Ajay/Test Projects/GameOfLife/Test.GolSig.Library/bin/Debug/Test.GolSig.Library.DLL" adapterTypeName="Microsoft.VisualStudio.TestTools.TestTypes.Unit.UnitTestAdapter, Microsoft.VisualStudio.QualityTools.Tips.UnitTest.Adapter, Version=10.0.0.0, Culture=neutral, PublicKeyToken=b03f5f7f11d50a3a" className="Test.GolSig.Library.ExtendedCellStatusInfoSpecs.WhenCreatingExtendedCellStatusInfo, Test.GolSig.Library, Version=1.0.0.0, Culture=neutral, PublicKeyToken=null" name="GivenValidArgument_ThenShouldBeCreated" />
    </UnitTest>
    <UnitTest name="giveInvalidRow_shouldRaiseException" storage="f:\ajay\test projects\gameoflife\test.golsig.library\bin\debug\test.golsig.library.dll" id="4032d4a2-c7ce-539c-c2cb-3274a08c8888">
      <Execution id="6a0d219d-f59c-416f-b226-c0d26eb40599" />
      <TestMethod codeBase="F:/Ajay/Test Projects/GameOfLife/Test.GolSig.Library/bin/Debug/Test.GolSig.Library.DLL" adapterTypeName="Microsoft.VisualStudio.TestTools.TestTypes.Unit.UnitTestAdapter, Microsoft.VisualStudio.QualityTools.Tips.UnitTest.Adapter, Version=10.0.0.0, Culture=neutral, PublicKeyToken=b03f5f7f11d50a3a" className="Test.GolSig.Library.GridSizeSpecs.WhenCreatingGridSize, Test.GolSig.Library, Version=1.0.0.0, Culture=neutral, PublicKeyToken=null" name="giveInvalidRow_shouldRaiseException" />
    </UnitTest>
  </TestDefinitions>
  <TestLists>
    <TestList name="Results Not in a List" id="8c84fa94-04c1-424b-9868-57a2d4851a1d" />
    <TestList name="All Loaded Results" id="19431567-8539-422a-85d7-44ee4e166bda" />
  </TestLists>
  <TestEntries>
    <TestEntry testId="00c0656d-ba9f-3fa6-a637-5bcc6f34aabe" executionId="6185651b-6375-4953-8291-7b4978c50e8a" testListId="8c84fa94-04c1-424b-9868-57a2d4851a1d" />
    <TestEntry testId="0298d2c9-a727-537f-53f8-2e5457b25f2f" executionId="ea2d5c9d-248c-487b-95e8-ed6f683dd057" testListId="8c84fa94-04c1-424b-9868-57a2d4851a1d" />
    <TestEntry testId="04429754-b63f-f7f3-0213-f6df1e3ed72f" executionId="db6f70b1-e558-41da-9dbb-0e3c051c169d" testListId="8c84fa94-04c1-424b-9868-57a2d4851a1d" />
    <TestEntry testId="0d449aee-02f3-4a3f-fed5-e87ec10363c3" executionId="c33635dc-d804-495e-86d3-c91d1c24bd6d" testListId="8c84fa94-04c1-424b-9868-57a2d4851a1d" />
    <TestEntry testId="0d479428-1983-7c32-0912-5164cfbcfb46" executionId="24c0df02-e224-42c7-8118-6d1919c59808" testListId="8c84fa94-04c1-424b-9868-57a2d4851a1d" />
    <TestEntry testId="0ea46f4b-f13b-2875-3c44-d50b2304f16b" executionId="41ef55ed-08b4-418c-9b73-4192205cca95" testListId="8c84fa94-04c1-424b-9868-57a2d4851a1d" />
    <TestEntry testId="0f6b2bb1-ea61-30bf-50c2-bb29eb22b0e0" executionId="e9ac6c8a-abce-4913-b37b-991a75a768e8" testListId="8c84fa94-04c1-424b-9868-57a2d4851a1d" />
    <TestEntry testId="11de96b1-4389-8649-5865-9af6624d9d8e" executionId="f7ebd54b-a04d-4107-a26b-c3f48ef6f885" testListId="8c84fa94-04c1-424b-9868-57a2d4851a1d" />
    <TestEntry testId="15c9b6d2-860a-7013-9e24-85b320450391" executionId="3fcbbba0-30e1-4586-be6e-9cd98ed351af" testListId="8c84fa94-04c1-424b-9868-57a2d4851a1d" />
    <TestEntry testId="189b2f3c-29c3-3a07-e092-c598e19437c1" executionId="889de260-0c10-464c-9c1e-b1146187ff90" testListId="8c84fa94-04c1-424b-9868-57a2d4851a1d" />
    <TestEntry testId="1efdd584-f406-88d0-800e-8f63fce68711" executionId="1a25b908-be7c-4a29-be2a-4f0c9278f32b" testListId="8c84fa94-04c1-424b-9868-57a2d4851a1d" />
    <TestEntry testId="203c2c95-2b23-655b-e23c-8b35b7348c08" executionId="8e2672d0-7e09-4bc6-bedb-64e481fba575" testListId="8c84fa94-04c1-424b-9868-57a2d4851a1d" />
    <TestEntry testId="21cd14c1-3cf1-de63-b356-f39e65268420" executionId="561213f9-2442-44bc-8e31-6d682d177b8e" testListId="8c84fa94-04c1-424b-9868-57a2d4851a1d" />
    <TestEntry testId="220bdde7-103f-093a-6d10-1b1cf93cccb6" executionId="1e666e08-b829-4fd4-9b43-db85553e48d7" testListId="8c84fa94-04c1-424b-9868-57a2d4851a1d" />
    <TestEntry testId="2edea3fc-be82-e18c-662c-9f4e0d36d0e2" executionId="ec062a68-bfe9-429f-86a6-d8069f0fa53e" testListId="8c84fa94-04c1-424b-9868-57a2d4851a1d" />
    <TestEntry testId="2f843f65-9a7a-8236-faa2-fc03de3af21e" executionId="77312b91-3d7b-4dce-9a84-d85411e8c814" testListId="8c84fa94-04c1-424b-9868-57a2d4851a1d" />
    <TestEntry testId="302285b3-c594-c72a-56b0-6a09347dfddc" executionId="c00bcd27-594f-43a1-a893-f9f5f01446a3" testListId="8c84fa94-04c1-424b-9868-57a2d4851a1d" />
    <TestEntry testId="33bae9cf-aae0-653e-62cb-bb4f57d036be" executionId="5dedd673-2f47-4440-8575-4110d4ca641e" testListId="8c84fa94-04c1-424b-9868-57a2d4851a1d" />
    <TestEntry testId="35936d00-dae6-c46d-e522-79471d895c0c" executionId="186f2423-3c13-4642-baa3-1f3d8edf5981" testListId="8c84fa94-04c1-424b-9868-57a2d4851a1d" />
    <TestEntry testId="39b02780-d498-fb9f-3c8c-19aded283631" executionId="b34508fc-397f-4343-b7fe-a33f29cc01c4" testListId="8c84fa94-04c1-424b-9868-57a2d4851a1d" />
    <TestEntry testId="3a44ca13-d626-a676-7f9e-9b1fc719e4f1" executionId="39b1af3c-63ea-4425-b82a-bcc69c3f31cb" testListId="8c84fa94-04c1-424b-9868-57a2d4851a1d" />
    <TestEntry testId="3f7ccaf4-cc9a-f2fe-ed07-46b3e8529205" executionId="d7dae8ba-f21d-4cec-9e6f-bff64f2e33dd" testListId="8c84fa94-04c1-424b-9868-57a2d4851a1d" />
    <TestEntry testId="4032d4a2-c7ce-539c-c2cb-3274a08c8888" executionId="6a0d219d-f59c-416f-b226-c0d26eb40599" testListId="8c84fa94-04c1-424b-9868-57a2d4851a1d" />
    <TestEntry testId="4785073c-c1ee-7929-51b8-677eeb67c3d2" executionId="5e01273e-a747-466b-b836-7e2cdef7003a" testListId="8c84fa94-04c1-424b-9868-57a2d4851a1d" />
    <TestEntry testId="47f6eae8-4ad9-9a24-b9e1-1a96678833eb" executionId="0d46e151-d236-49b6-ba9f-260e6f1de5bb" testListId="8c84fa94-04c1-424b-9868-57a2d4851a1d" />
    <TestEntry testId="4edf204a-067e-8bcc-564b-c33232b2a3f0" executionId="49188403-6dbe-4ccf-ba42-4ba535b930e0" testListId="8c84fa94-04c1-424b-9868-57a2d4851a1d" />
    <TestEntry testId="506c9662-83cb-72d0-84f5-942c908c1436" executionId="cc8b822c-fb76-4cfe-985d-4c3015649be5" testListId="8c84fa94-04c1-424b-9868-57a2d4851a1d" />
    <TestEntry testId="52451c36-fa41-b411-9ccf-daae4a5ef1e7" executionId="87ba1065-83b7-46c7-a174-a597d1ef0c01" testListId="8c84fa94-04c1-424b-9868-57a2d4851a1d" />
    <TestEntry testId="572eb145-4073-fd9a-2151-2628fc2f3780" executionId="c447b26f-43a1-4120-a5b5-82060e7945a4" testListId="8c84fa94-04c1-424b-9868-57a2d4851a1d" />
    <TestEntry testId="57bb0f24-f417-90f2-1ac4-79f047e2bca5" executionId="5ea8097c-c41c-4e44-abde-6e2254a9af96" testListId="8c84fa94-04c1-424b-9868-57a2d4851a1d" />
    <TestEntry testId="5991643b-34d4-5ae1-7c88-7e9f9d3c218e" executionId="a850b1f7-c2bb-41e1-8c71-6d59fc2677fb" testListId="8c84fa94-04c1-424b-9868-57a2d4851a1d" />
    <TestEntry testId="5c729bfb-c886-5eb7-15ea-bd73f1aeb033" executionId="10227655-cc37-4ceb-bbf7-ad81046876ae" testListId="8c84fa94-04c1-424b-9868-57a2d4851a1d" />
    <TestEntry testId="60b146c0-95d2-98b3-23c8-fb2350edbe43" executionId="0909ba73-d7a6-4d0d-8007-d3ee546ec114" testListId="8c84fa94-04c1-424b-9868-57a2d4851a1d" />
    <TestEntry testId="60d8a401-e54f-4c24-a0f7-4f33b2ac624a" executionId="d2a51fea-7cd0-4e86-bc5d-9f4fc552f6bb" testListId="8c84fa94-04c1-424b-9868-57a2d4851a1d" />
    <TestEntry testId="678a5119-34d2-dbab-5ea2-e6271a48d133" executionId="91364928-77a1-4cc2-972c-01850ee347f5" testListId="8c84fa94-04c1-424b-9868-57a2d4851a1d" />
    <TestEntry testId="6ba3da8b-d31e-3430-91e1-539b3b962331" executionId="63a9323a-4517-4b4e-87b8-ab094258a31b" testListId="8c84fa94-04c1-424b-9868-57a2d4851a1d" />
    <TestEntry testId="70de4f30-637c-4a57-73ea-a0ad62dd85c2" executionId="7ad72d1e-61c2-4dd2-bba6-12a6e08dc28c" testListId="8c84fa94-04c1-424b-9868-57a2d4851a1d" />
    <TestEntry testId="7c4fa973-88ca-966f-a26e-3b0c931f4840" executionId="c3718747-1596-4a45-b730-851035c071fb" testListId="8c84fa94-04c1-424b-9868-57a2d4851a1d" />
    <TestEntry testId="82769867-76f6-2fb7-2ef5-104da87bcd54" executionId="9bbe4e04-64f6-4adf-8852-d0c782958a4d" testListId="8c84fa94-04c1-424b-9868-57a2d4851a1d" />
    <TestEntry testId="8638b537-1824-f730-a9ab-4fb74655c9ca" executionId="546f9499-96da-4954-86e1-4621732e24f0" testListId="8c84fa94-04c1-424b-9868-57a2d4851a1d" />
    <TestEntry testId="864d6731-3c0f-87c7-fc3b-10aea8e59bf8" executionId="7fb38d25-9bc6-41be-899f-86bed40426ec" testListId="8c84fa94-04c1-424b-9868-57a2d4851a1d" />
    <TestEntry testId="892c64ee-e436-9ceb-335d-883dc9cd7827" executionId="0c7dd150-53b2-4748-9313-eb2c1c587b56" testListId="8c84fa94-04c1-424b-9868-57a2d4851a1d" />
    <TestEntry testId="89f30033-6f22-fe17-4a68-0b4f18574fe6" executionId="738be570-d962-4c4c-b38a-4ec9dae4d8f3" testListId="8c84fa94-04c1-424b-9868-57a2d4851a1d" />
    <TestEntry testId="8a3e5f7e-17e8-3f8d-643b-5bc658b3db53" executionId="fabc28b6-d45f-4504-8d0a-89ea4d2a92b3" testListId="8c84fa94-04c1-424b-9868-57a2d4851a1d" />
    <TestEntry testId="8ac6c070-9517-fbb3-e73f-dc9291b8bd2b" executionId="1de672b3-86aa-4812-877e-1b6bd0b1e34a" testListId="8c84fa94-04c1-424b-9868-57a2d4851a1d" />
    <TestEntry testId="8b9e119b-297e-09fe-cce4-0c0ffa52b7d8" executionId="03a84dfa-8817-4feb-853c-7cfe8141467d" testListId="8c84fa94-04c1-424b-9868-57a2d4851a1d" />
    <TestEntry testId="8bcdde0d-389c-1e4f-1396-c513b2ae6081" executionId="9456ec13-729d-4da9-b002-ed0f3ce0c292" testListId="8c84fa94-04c1-424b-9868-57a2d4851a1d" />
[...]
    </UnitTestResult>
    <UnitTestResult executionId="d971e7d4-5c28-48f2-839a-d50286fe1749" testId="926996ef-0c35-822b-8086-ed9245d25473" testName="Grid1By4Enumerates_4Times" computerName="ASINGH-LAP" duration="00:00:00.0015488" startTime="2013-03-06T00:27:41.4465846+05:30" endTime="2013-03-06T00:27:41.4535850+05:30" testType="13cdc9d9-ddb5-4fa4-a97d-d965ccfc6d4b" outcome="Passed" testListId="8c84fa94-04c1-424b-9868-57a2d4851a1d" relativeResultsDirectory="d971e7d4-5c28-48f2-839a-d50286fe1749">
    </UnitTestResult>
    <UnitTestResult executionId="5953a9ef-8360-4a08-bcd5-f3d7e46e0d68" testId="93c88647-01d7-752a-44a4-a3bf98e7b17f" testName="GivenOutOfBoundGridPositon_ShouldRaiseException" computerName="ASINGH-LAP" duration="00:00:00.0013622" startTime="2013-03-06T00:27:41.4595853+05:30" endTime="2013-03-06T00:27:41.4645856+05:30" testType="13cdc9d9-ddb5-4fa4-a97d-d965ccfc6d4b" outcome="Passed" testListId="8c84fa94-04c1-424b-9868-57a2d4851a1d" relativeResultsDirectory="5953a9ef-8360-4a08-bcd5-f3d7e46e0d68">
    </UnitTestResult>
    <UnitTestResult executionId="53d90622-2768-4a79-a0ad-21f74bb6742c" testId="95b0e888-2d69-7bb9-1cfb-c146fcd4542f" testName="BoradShouldBeInitialized" computerName="ASINGH-LAP" duration="00:00:00.0013876" startTime="2013-03-06T00:27:41.4725861+05:30" endTime="2013-03-06T00:27:41.4785864+05:30" testType="13cdc9d9-ddb5-4fa4-a97d-d965ccfc6d4b" outcome="Passed" testListId="8c84fa94-04c1-424b-9868-57a2d4851a1d" relativeResultsDirectory="53d90622-2768-4a79-a0ad-21f74bb6742c">
    </UnitTestResult>
    <UnitTestResult executionId="f5146542-1397-4537-a4fd-9fbbe8aa3a5f" testId="96ad8173-99bc-fc61-566f-0d8e619e8fc0" testName="GridStorageConstructorTest" computerName="ASINGH-LAP" duration="00:00:00.0005058" startTime="2013-03-06T00:27:41.4835867+05:30" endTime="2013-03-06T00:27:41.4885870+05:30" testType="13cdc9d9-ddb5-4fa4-a97d-d965ccfc6d4b" outcome="Passed" testListId="8c84fa94-04c1-424b-9868-57a2d4851a1d" relativeResultsDirectory="f5146542-1397-4537-a4fd-9fbbe8aa3a5f">
    </UnitTestResult>
    <UnitTestResult executionId="85012345-d5fb-49f2-b3ff-133f02f7d80c" testId="9e542702-21ec-b21e-f4bb-86f3e7294600" testName="GetGridCellTest" computerName="ASINGH-LAP" duration="00:00:00.0012454" startTime="2013-03-06T00:27:41.4945873+05:30" endTime="2013-03-06T00:27:41.4995876+05:30" testType="13cdc9d9-ddb5-4fa4-a97d-d965ccfc6d4b" outcome="Passed" testListId="8c84fa94-04c1-424b-9868-57a2d4851a1d" relativeResultsDirectory="85012345-d5fb-49f2-b3ff-133f02f7d80c">
    </UnitTestResult>
    <UnitTestResult executionId="c419b22b-5dbb-454a-9ea5-af1b9f9ef488" testId="a0753542-4045-023f-67f4-d0ebe89698d6" testName="NewBoardPositionShouldBeSet" computerName="ASINGH-LAP" duration="00:00:00.0011276" startTime="2013-03-06T00:27:41.5045879+05:30" endTime="2013-03-06T00:27:41.5095882+05:30" testType="13cdc9d9-ddb5-4fa4-a97d-d965ccfc6d4b" outcome="Passed" testListId="8c84fa94-04c1-424b-9868-57a2d4851a1d" relativeResultsDirectory="c419b22b-5dbb-454a-9ea5-af1b9f9ef488">
    </UnitTestResult>
    <UnitTestResult executionId="4652312b-67e8-48b8-b02c-7565bd539c28" testId="a118a37b-d973-68a5-4727-cf2048086c20" testName="GivenCellIsDeadAndHasThreeNeighbour_ItIsReproduciable" computerName="ASINGH-LAP" duration="00:00:00.0003641" startTime="2013-03-06T00:27:41.5155885+05:30" endTime="2013-03-06T00:27:41.5205888+05:30" testType="13cdc9d9-ddb5-4fa4-a97d-d965ccfc6d4b" outcome="Passed" testListId="8c84fa94-04c1-424b-9868-57a2d4851a1d" relativeResultsDirectory="4652312b-67e8-48b8-b02c-7565bd539c28">
    </UnitTestResult>
    <UnitTestResult executionId="a9d8ff92-0b90-4a54-8d3d-ffc7d4599196" testId="a2dc803c-252b-34f6-5c57-4531878aefa1" testName="GivenCellHasFourNeighbour_ItWillBeNotAliveInTheNextGeneration" computerName="ASINGH-LAP" duration="00:00:00.0003500" startTime="2013-03-06T00:27:41.5255891+05:30" endTime="2013-03-06T00:27:41.5295893+05:30" testType="13cdc9d9-ddb5-4fa4-a97d-d965ccfc6d4b" outcome="Passed" testListId="8c84fa94-04c1-424b-9868-57a2d4851a1d" relativeResultsDirectory="a9d8ff92-0b90-4a54-8d3d-ffc7d4599196">
    </UnitTestResult>
    <UnitTestResult executionId="345b0c9d-db32-49a9-a4a3-6a1e6fb2db70" testId="a9349c9d-0c0d-2ca4-8512-f0b097fa427b" testName="DeadCell_WithLessThan3LiveNeighbours_RemainsDead" computerName="ASINGH-LAP" duration="00:00:00.0017884" startTime="2013-03-06T00:27:41.5375898+05:30" endTime="2013-03-06T00:27:41.5435901+05:30" testType="13cdc9d9-ddb5-4fa4-a97d-d965ccfc6d4b" outcome="Passed" testListId="8c84fa94-04c1-424b-9868-57a2d4851a1d" relativeResultsDirectory="345b0c9d-db32-49a9-a4a3-6a1e6fb2db70">
    </UnitTestResult>
    <UnitTestResult executionId="9e950902-271f-49ee-bf56-558d1e474a24" testId="aaf962c1-9db7-5619-81f0-f1c94ef1d957" testName="Grid2By2_Enumerates_4Times" computerName="ASINGH-LAP" duration="00:00:00.0005027" startTime="2013-03-06T00:27:41.5495905+05:30" endTime="2013-03-06T00:27:41.5545908+05:30" testType="13cdc9d9-ddb5-4fa4-a97d-d965ccfc6d4b" outcome="Passed" testListId="8c84fa94-04c1-424b-9868-57a2d4851a1d" relativeResultsDirectory="9e950902-271f-49ee-bf56-558d1e474a24">
    </UnitTestResult>
    <UnitTestResult executionId="f6556255-1ae4-4c9a-9423-730dc93cbd0a" testId="ab38701a-746e-a0e3-f500-562eb0d3f60c" testName="GivenEqualCell_ThenShouldBeEqual" computerName="ASINGH-LAP" duration="00:00:00.0005239" startTime="2013-03-06T00:27:41.5615912+05:30" endTime="2013-03-06T00:27:41.5685916+05:30" testType="13cdc9d9-ddb5-4fa4-a97d-d965ccfc6d4b" outcome="Passed" testListId="8c84fa94-04c1-424b-9868-57a2d4851a1d" relativeResultsDirectory="f6556255-1ae4-4c9a-9423-730dc93cbd0a">
    </UnitTestResult>
    <UnitTestResult executionId="3b2c97e4-702f-40dd-a330-6291055d9ed0" testId="ae4e27ef-d32b-5f11-6b49-7603713d3bd3" testName="Grid1By1Enumerates_1Time" computerName="ASINGH-LAP" duration="00:00:00.0004546" startTime="2013-03-06T00:27:41.5745919+05:30" endTime="2013-03-06T00:27:41.5785921+05:30" testType="13cdc9d9-ddb5-4fa4-a97d-d965ccfc6d4b" outcome="Passed" testListId="8c84fa94-04c1-424b-9868-57a2d4851a1d" relativeResultsDirectory="3b2c97e4-702f-40dd-a330-6291055d9ed0">
    </UnitTestResult>
    <UnitTestResult executionId="1e1f62bd-bc13-43f4-831b-d05a5fc1bb48" testId="bb71c48a-c10d-2103-72e6-74eb83e396db" testName="GivenCellHasOneNeighbour_ItWillNotBeAliveInTheNextGeneration" computerName="ASINGH-LAP" duration="00:00:00.0003333" startTime="2013-03-06T00:27:41.5845925+05:30" endTime="2013-03-06T00:27:41.5875926+05:30" testType="13cdc9d9-ddb5-4fa4-a97d-d965ccfc6d4b" outcome="Passed" testListId="8c84fa94-04c1-424b-9868-57a2d4851a1d" relativeResultsDirectory="1e1f62bd-bc13-43f4-831b-d05a5fc1bb48">
    </UnitTestResult>
    <UnitTestResult executionId="adc417ed-f9c0-4117-a85d-58a45f236fe8" testId="bc920937-fa96-db8b-d4cc-43c280492a0d" testName="GivenValidPosition_shouldRecalucateGridPosition" computerName="ASINGH-LAP" duration="00:00:00.0003414" startTime="2013-03-06T00:27:41.5915929+05:30" endTime="2013-03-06T00:27:41.5965932+05:30" testType="13cdc9d9-ddb5-4fa4-a97d-d965ccfc6d4b" outcome="Passed" testListId="8c84fa94-04c1-424b-9868-57a2d4851a1d" relativeResultsDirectory="adc417ed-f9c0-4117-a85d-58a45f236fe8">
    </UnitTestResult>
    <UnitTestResult executionId="13e4b0f0-4a3a-4a52-a7bd-62fd2b9b887f" testId="c20381a7-0134-5788-7f38-58fdfd116b3c" testName="GivenOutOfBoundGridPositon_ShouldRaiseException" computerName="ASINGH-LAP" duration="00:00:00.0013047" startTime="2013-03-06T00:27:41.6005934+05:30" endTime="2013-03-06T00:27:41.6055937+05:30" testType="13cdc9d9-ddb5-4fa4-a97d-d965ccfc6d4b" outcome="Passed" testListId="8c84fa94-04c1-424b-9868-57a2d4851a1d" relativeResultsDirectory="13e4b0f0-4a3a-4a52-a7bd-62fd2b9b887f">
    </UnitTestResult>
    <UnitTestResult executionId="078ac1cd-d90c-40c2-b793-fa00fd8adcb5" testId="c92032a5-4874-ccc2-7aa7-bafd15d8cb6e" testName="GOI_Evolve_EvolvesAllTheCells" computerName="ASINGH-LAP" duration="00:00:00.0427007" startTime="2013-03-06T00:27:41.6105940+05:30" endTime="2013-03-06T00:27:41.6575966+05:30" testType="13cdc9d9-ddb5-4fa4-a97d-d965ccfc6d4b" outcome="Passed" testListId="8c84fa94-04c1-424b-9868-57a2d4851a1d" relativeResultsDirectory="078ac1cd-d90c-40c2-b793-fa00fd8adcb5">
    </UnitTestResult>
    <UnitTestResult executionId="1b57ed44-ee08-4c4e-a277-5619deb85b77" testId="cb9c5519-6519-76b3-2dd1-7ee71fc70283" testName="GivenNoLifeCell_ThenNolifeCellShouldExist" computerName="ASINGH-LAP" duration="00:00:00.0009429" startTime="2013-03-06T00:27:41.6625969+05:30" endTime="2013-03-06T00:27:41.6675972+05:30" testType="13cdc9d9-ddb5-4fa4-a97d-d965ccfc6d4b" outcome="Passed" testListId="8c84fa94-04c1-424b-9868-57a2d4851a1d" relativeResultsDirectory="1b57ed44-ee08-4c4e-a277-5619deb85b77">
    </UnitTestResult>
    <UnitTestResult executionId="cd2f610b-d23e-4668-8555-c0af7357aebb" testId="cca8d1de-62ab-8d7e-6a41-bc2a0f9127de" testName="GivenValidBoardSize_ThenShouldThrowException" computerName="ASINGH-LAP" duration="00:00:00.0004311" startTime="2013-03-06T00:27:41.6725975+05:30" endTime="2013-03-06T00:27:41.6765977+05:30" testType="13cdc9d9-ddb5-4fa4-a97d-d965ccfc6d4b" outcome="Passed" testListId="8c84fa94-04c1-424b-9868-57a2d4851a1d" relativeResultsDirectory="cd2f610b-d23e-4668-8555-c0af7357aebb">
    </UnitTestResult>
    <UnitTestResult executionId="f0bf6333-3d8b-44a0-8b4b-fe4f014ddd1f" testId="cffa992e-faa0-ee81-1566-ba284f432b61" testName="GivenCellHasNoNeighbour_ItWillNotBeAliveInTheNextGeneration" computerName="ASINGH-LAP" duration="00:00:00.0003364" startTime="2013-03-06T00:27:41.6815980+05:30" endTime="2013-03-06T00:27:41.6865983+05:30" testType="13cdc9d9-ddb5-4fa4-a97d-d965ccfc6d4b" outcome="Passed" testListId="8c84fa94-04c1-424b-9868-57a2d4851a1d" relativeResultsDirectory="f0bf6333-3d8b-44a0-8b4b-fe4f014ddd1f">
    </UnitTestResult>
    <UnitTestResult executionId="c1315c2b-38c6-41dd-8854-29a80c198f6a" testId="d1befcee-ac21-ee22-4d15-085c76d05273" testName="giveValidInput_RowAndColumShouldBeCorrect" computerName="ASINGH-LAP" duration="00:00:00.0002898" startTime="2013-03-06T00:27:41.6915986+05:30" endTime="2013-03-06T00:27:41.6945988+05:30" testType="13cdc9d9-ddb5-4fa4-a97d-d965ccfc6d4b" outcome="Passed" testListId="8c84fa94-04c1-424b-9868-57a2d4851a1d" relativeResultsDirectory="c1315c2b-38c6-41dd-8854-29a80c198f6a">
    </UnitTestResult>
    <UnitTestResult executionId="92f2a53c-f482-4e3c-b5cc-3705112c550f" testId="d1dc75c8-d363-0465-28b3-1d9e682ff90a" testName="GivenNormalConditions_thenCellInfoIsCorrect" computerName="ASINGH-LAP" duration="00:00:00.0005670" startTime="2013-03-06T00:27:41.6995990+05:30" endTime="2013-03-06T00:27:41.7045993+05:30" testType="13cdc9d9-ddb5-4fa4-a97d-d965ccfc6d4b" outcome="Passed" testListId="8c84fa94-04c1-424b-9868-57a2d4851a1d" relativeResultsDirectory="92f2a53c-f482-4e3c-b5cc-3705112c550f">
    </UnitTestResult>
    <UnitTestResult executionId="1266de46-3172-4b43-9dfb-4bbb3aa9cab8" testId="d2a47fc1-730b-42ec-9fc3-2535dbde9b0a" testName="GivenNotEqualStatus_ThenShouldBeNotEqual" computerName="ASINGH-LAP" duration="00:00:00.0003129" startTime="2013-03-06T00:27:41.7085996+05:30" endTime="2013-03-06T00:27:41.7125998+05:30" testType="13cdc9d9-ddb5-4fa4-a97d-d965ccfc6d4b" outcome="Passed" testListId="8c84fa94-04c1-424b-9868-57a2d4851a1d" relativeResultsDirectory="1266de46-3172-4b43-9dfb-4bbb3aa9cab8">
    </UnitTestResult>
    <UnitTestResult executionId="9a113a9d-3f68-4f42-b479-b42bf536cecd" testId="d5919fcc-5dba-7120-d5e9-b25d609bb096" testName="GivenCellHasTwoNeighbour_ItWillBeAliveInTheNextGeneration" computerName="ASINGH-LAP" duration="00:00:00.0003464" startTime="2013-03-06T00:27:41.7176001+05:30" endTime="2013-03-06T00:27:41.7206002+05:30" testType="13cdc9d9-ddb5-4fa4-a97d-d965ccfc6d4b" outcome="Passed" testListId="8c84fa94-04c1-424b-9868-57a2d4851a1d" relativeResultsDirectory="9a113a9d-3f68-4f42-b479-b42bf536cecd">
    </UnitTestResult>
    <UnitTestResult executionId="8de2afc6-4d5e-4d65-92ab-7eb1ba918b93" testId="d5de71e7-04b4-c21c-d81f-89ac905dd4a0" testName="GivenValidPosition_thenShouldGiveCelleInfoForRequestedPosition" computerName="ASINGH-LAP" duration="00:00:00.0007114" startTime="2013-03-06T00:27:41.7266006+05:30" endTime="2013-03-06T00:27:41.7326009+05:30" testType="13cdc9d9-ddb5-4fa4-a97d-d965ccfc6d4b" outcome="Passed" testListId="8c84fa94-04c1-424b-9868-57a2d4851a1d" relativeResultsDirectory="8de2afc6-4d5e-4d65-92ab-7eb1ba918b93">
    </UnitTestResult>
    <UnitTestResult executionId="7296d8e2-1a20-41de-afef-34847805f212" testId="d7cfe8a7-2289-4902-f218-191fe2cba91b" testName="GivenNotEqualNumberAdjacentLifeCells_ThenShouldBeNotEqual" computerName="ASINGH-LAP" duration="00:00:00.0003709" startTime="2013-03-06T00:27:41.7406014+05:30" endTime="2013-03-06T00:27:41.7466017+05:30" testType="13cdc9d9-ddb5-4fa4-a97d-d965ccfc6d4b" outcome="Passed" testListId="8c84fa94-04c1-424b-9868-57a2d4851a1d" relativeResultsDirectory="7296d8e2-1a20-41de-afef-34847805f212">
    </UnitTestResult>
    <UnitTestResult executionId="fe487640-6818-41a3-a68b-c9d30ffa521e" testId="d91391cf-0fdb-8dd2-7966-b9ab79ecc9ce" testName="GivenNotEqualPositionCol_ThenShouldBeNotEqual" computerName="ASINGH-LAP" duration="00:00:00.0003623" startTime="2013-03-06T00:27:41.7516020+05:30" endTime="2013-03-06T00:27:41.7576024+05:30" testType="13cdc9d9-ddb5-4fa4-a97d-d965ccfc6d4b" outcome="Passed" testListId="8c84fa94-04c1-424b-9868-57a2d4851a1d" relativeResultsDirectory="fe487640-6818-41a3-a68b-c9d30ffa521e">
    </UnitTestResult>
    <UnitTestResult executionId="3de8406b-02f9-4938-b633-e8f81579de98" testId="de9779e7-7051-b911-677b-97cddf55495b" testName="LiveCell_With3LiveNeighbours_Survives" computerName="ASINGH-LAP" duration="00:00:00.0016575" startTime="2013-03-06T00:27:41.7626026+05:30" endTime="2013-03-06T00:27:41.7696030+05:30" testType="13cdc9d9-ddb5-4fa4-a97d-d965ccfc6d4b" outcome="Passed" testListId="8c84fa94-04c1-424b-9868-57a2d4851a1d" relativeResultsDirectory="3de8406b-02f9-4938-b633-e8f81579de98">
    </UnitTestResult>
    <UnitTestResult executionId="09c9b1df-c75a-4fc9-b3d2-b99ca4d19a97" testId="e3079850-d7b3-68e8-bcaa-2006b17b7af1" testName="Grid4By4_Enumerates_16Times" computerName="ASINGH-LAP" duration="00:00:00.0004759" startTime="2013-03-06T00:27:41.7746033+05:30" endTime="2013-03-06T00:27:41.7786036+05:30" testType="13cdc9d9-ddb5-4fa4-a97d-d965ccfc6d4b" outcome="Passed" testListId="8c84fa94-04c1-424b-9868-57a2d4851a1d" relativeResultsDirectory="09c9b1df-c75a-4fc9-b3d2-b99ca4d19a97">
    </UnitTestResult>
    <UnitTestResult executionId="3ecb8324-1430-4c36-9b6b-009b496fb420" testId="eacffc10-68a8-b24f-9750-7757a2772f49" testName="GivenValidArgument_ThenShouldBeCreated" computerName="ASINGH-LAP" duration="00:00:00.0003247" startTime="2013-03-06T00:27:41.7846039+05:30" endTime="2013-03-06T00:27:41.7896042+05:30" testType="13cdc9d9-ddb5-4fa4-a97d-d965ccfc6d4b" outcome="Passed" testListId="8c84fa94-04c1-424b-9868-57a2d4851a1d" relativeResultsDirectory="3ecb8324-1430-4c36-9b6b-009b496fb420">
    </UnitTestResult>
    <UnitTestResult executionId="cf7ee650-925b-4d5e-814f-216731bd607c" testId="ec2248cd-7ade-73b8-0203-7e0e0062dc8f" testName="SpecificationOnNeighbours_IscorrectlyApplied" computerName="ASINGH-LAP" duration="00:00:00.0205569" startTime="2013-03-06T00:27:41.7936044+05:30" endTime="2013-03-06T00:27:41.8176058+05:30" testType="13cdc9d9-ddb5-4fa4-a97d-d965ccfc6d4b" outcome="Passed" testListId="8c84fa94-04c1-424b-9868-57a2d4851a1d" relativeResultsDirectory="cf7ee650-925b-4d5e-814f-216731bd607c">
    </UnitTestResult>
    <UnitTestResult executionId="22e0f0fe-6189-4f92-bc10-a845f3d32032" testId="f0496c63-2907-a2ce-0a84-3e3848f8d423" testName="LiveCell_WithLessThan2LiveNeighbours_Dies" computerName="ASINGH-LAP" duration="00:00:00.0014641" startTime="2013-03-06T00:27:41.8236061+05:30" endTime="2013-03-06T00:27:41.8346068+05:30" testType="13cdc9d9-ddb5-4fa4-a97d-d965ccfc6d4b" outcome="Passed" testListId="8c84fa94-04c1-424b-9868-57a2d4851a1d" relativeResultsDirectory="22e0f0fe-6189-4f92-bc10-a845f3d32032">
    </UnitTestResult>
    <UnitTestResult executionId="a776b565-d61e-479f-8366-b9acf2db5cbc" testId="f04e9614-99ad-3400-043d-d7dcfe73fcdd" testName="GivenOutOfBoundGridPositon_ShouldRaisEception" computerName="ASINGH-LAP" duration="00:00:00.0009990" startTime="2013-03-06T00:27:41.8396071+05:30" endTime="2013-03-06T00:27:41.8436073+05:30" testType="13cdc9d9-ddb5-4fa4-a97d-d965ccfc6d4b" outcome="Passed" testListId="8c84fa94-04c1-424b-9868-57a2d4851a1d" relativeResultsDirectory="a776b565-d61e-479f-8366-b9acf2db5cbc">
    </UnitTestResult>
    <UnitTestResult executionId="1a5f6ade-335d-48c9-b4c1-d800e11628c8" testId="f1dcd973-a47b-2224-e747-9a5f4ed23d4c" testName="GivenNotEqualPositionRow_ThenShouldBeNotEqual" computerName="ASINGH-LAP" duration="00:00:00.0002830" startTime="2013-03-06T00:27:41.8476075+05:30" endTime="2013-03-06T00:27:41.8516077+05:30" testType="13cdc9d9-ddb5-4fa4-a97d-d965ccfc6d4b" outcome="Passed" testListId="8c84fa94-04c1-424b-9868-57a2d4851a1d" relativeResultsDirectory="1a5f6ade-335d-48c9-b4c1-d800e11628c8">
    </UnitTestResult>
    <UnitTestResult executionId="47f46316-a743-431a-a784-5c4bca22c056" testId="f68c0d9d-2ce4-a7c8-0255-be25a87386c7" testName="GivenOnLifeCell_ThenOnlifeCellShouldExist" computerName="ASINGH-LAP" duration="00:00:00.0007400" startTime="2013-03-06T00:27:41.8566080+05:30" endTime="2013-03-06T00:27:41.8606083+05:30" testType="13cdc9d9-ddb5-4fa4-a97d-d965ccfc6d4b" outcome="Passed" testListId="8c84fa94-04c1-424b-9868-57a2d4851a1d" relativeResultsDirectory="47f46316-a743-431a-a784-5c4bca22c056">
    </UnitTestResult>
    <UnitTestResult executionId="cb0b95ee-5561-4b72-953c-3e3cfa0633ab" testId="fc2607a8-4649-3b96-679b-d7d069fea2a1" testName="GivenEqualPosition_ThenShouldBeEqual" computerName="ASINGH-LAP" duration="00:00:00.0002848" startTime="2013-03-06T00:27:41.8656085+05:30" endTime="2013-03-06T00:27:41.8706088+05:30" testType="13cdc9d9-ddb5-4fa4-a97d-d965ccfc6d4b" outcome="Passed" testListId="8c84fa94-04c1-424b-9868-57a2d4851a1d" relativeResultsDirectory="cb0b95ee-5561-4b72-953c-3e3cfa0633ab">
    </UnitTestResult>
    <UnitTestResult executionId="f1573d35-e021-49c3-a6ea-ad8d2fc4aa52" testId="fd8d90ac-7223-31b1-91dd-f8f5756cb4c5" testName="GivenCellIsDeadAndHasThreeNeighbour_ItWillBeAliveInTheNextGeneration" computerName="ASINGH-LAP" duration="00:00:00.0004411" startTime="2013-03-06T00:27:41.8756091+05:30" endTime="2013-03-06T00:27:41.8806094+05:30" testType="13cdc9d9-ddb5-4fa4-a97d-d965ccfc6d4b" outcome="Passed" testListId="8c84fa94-04c1-424b-9868-57a2d4851a1d" relativeResultsDirectory="f1573d35-e021-49c3-a6ea-ad8d2fc4aa52">
    </UnitTestResult>
    <UnitTestResult executionId="c24d2b92-72ba-4f25-83ec-0ae458cfaf8a" testId="fe5b7569-e44a-2d6a-05c9-839c1a2c0f1e" testName="GivennumberOfLivingAdjacentCellsMinusOne_ThenShouldRaiseException" computerName="ASINGH-LAP" duration="00:00:00.0012164" startTime="2013-03-06T00:27:41.8856097+05:30" endTime="2013-03-06T00:27:41.8906100+05:30" testType="13cdc9d9-ddb5-4fa4-a97d-d965ccfc6d4b" outcome="Passed" testListId="8c84fa94-04c1-424b-9868-57a2d4851a1d" relativeResultsDirectory="c24d2b92-72ba-4f25-83ec-0ae458cfaf8a">
    </UnitTestResult>
    <UnitTestResult executionId="fd04ca8c-516b-49ab-a062-456891817608" testId="fe870931-54c3-67c9-801f-17c0bfc870c7" testName="GivenCellHasThreeNeighbour_ItIsSurvivable" computerName="ASINGH-LAP" duration="00:00:00.0004628" startTime="2013-03-06T00:27:41.8976104+05:30" endTime="2013-03-06T00:27:41.9036107+05:30" testType="13cdc9d9-ddb5-4fa4-a97d-d965ccfc6d4b" outcome="Passed" testListId="8c84fa94-04c1-424b-9868-57a2d4851a1d" relativeResultsDirectory="fd04ca8c-516b-49ab-a062-456891817608">
    </UnitTestResult>
  </Results>
</TestRun>